{"/home/travis/build/npmtest/node-npmtest-react-tag-input/test.js":{"path":"/home/travis/build/npmtest/node-npmtest-react-tag-input/test.js","s":{"1":2,"2":2,"3":2,"4":2,"5":2,"6":2,"7":2,"8":1,"9":2,"10":2,"11":1,"12":1,"13":1,"14":1,"15":2,"16":2,"17":2,"18":2,"19":1,"20":1,"21":2,"22":2,"23":2,"24":1,"25":1,"26":1,"27":1,"28":1,"29":1,"30":1,"31":1,"32":1,"33":1,"34":1,"35":1,"36":1,"37":1,"38":1,"39":2,"40":2,"41":1,"42":2,"43":2,"44":1,"45":2,"46":2,"47":1,"48":2,"49":2,"50":1,"51":1,"52":1,"53":1,"54":1},"b":{"1":[2,1,1,1],"2":[1,1,1,1],"3":[1,1],"4":[1,1],"5":[1,1],"6":[1,1],"7":[1,1],"8":[1,1],"9":[1,1],"10":[1,1,1],"11":[1,1],"12":[1,1],"13":[1,1],"14":[1,1],"15":[1,1],"16":[1,1],"17":[1,1]},"f":{"1":2,"2":2,"3":2,"4":2,"5":2,"6":1,"7":1,"8":1,"9":2,"10":2,"11":2,"12":2,"13":1},"fnMap":{"1":{"name":"(anonymous_1)","line":12,"loc":{"start":{"line":12,"column":1},"end":{"line":12,"column":13}}},"2":{"name":"(anonymous_2)","line":19,"loc":{"start":{"line":19,"column":5},"end":{"line":19,"column":17}}},"3":{"name":"(anonymous_3)","line":23,"loc":{"start":{"line":23,"column":24},"end":{"line":23,"column":36}}},"4":{"name":"(anonymous_4)","line":61,"loc":{"start":{"line":61,"column":5},"end":{"line":61,"column":17}}},"5":{"name":"(anonymous_5)","line":82,"loc":{"start":{"line":82,"column":5},"end":{"line":82,"column":17}}},"6":{"name":"(anonymous_6)","line":91,"loc":{"start":{"line":91,"column":77},"end":{"line":94,"column":10}}},"7":{"name":"(anonymous_7)","line":112,"loc":{"start":{"line":112,"column":83},"end":{"line":115,"column":10}},"skip":true},"8":{"name":"(anonymous_8)","line":123,"loc":{"start":{"line":123,"column":77},"end":{"line":126,"column":10}},"skip":true},"9":{"name":"(anonymous_9)","line":139,"loc":{"start":{"line":139,"column":12},"end":{"line":139,"column":40}},"skip":true},"10":{"name":"(anonymous_10)","line":147,"loc":{"start":{"line":147,"column":77},"end":{"line":150,"column":10}},"skip":true},"11":{"name":"(anonymous_11)","line":158,"loc":{"start":{"line":158,"column":83},"end":{"line":161,"column":10}},"skip":true},"12":{"name":"(anonymous_12)","line":169,"loc":{"start":{"line":169,"column":79},"end":{"line":172,"column":10}},"skip":true},"13":{"name":"(anonymous_13)","line":180,"loc":{"start":{"line":180,"column":75},"end":{"line":183,"column":10}},"skip":true}},"statementMap":{"1":{"start":{"line":12,"column":0},"end":{"line":195,"column":5}},"2":{"start":{"line":14,"column":4},"end":{"line":14,"column":14}},"3":{"start":{"line":19,"column":4},"end":{"line":56,"column":9}},"4":{"start":{"line":21,"column":8},"end":{"line":21,"column":19}},"5":{"start":{"line":23,"column":8},"end":{"line":35,"column":13}},"6":{"start":{"line":24,"column":12},"end":{"line":34,"column":13}},"7":{"start":{"line":25,"column":16},"end":{"line":28,"column":30}},"8":{"start":{"line":30,"column":16},"end":{"line":33,"column":27}},"9":{"start":{"line":37,"column":8},"end":{"line":39,"column":21}},"10":{"start":{"line":40,"column":8},"end":{"line":53,"column":9}},"11":{"start":{"line":43,"column":12},"end":{"line":46,"column":14}},"12":{"start":{"line":47,"column":12},"end":{"line":47,"column":18}},"13":{"start":{"line":50,"column":12},"end":{"line":51,"column":33}},"14":{"start":{"line":52,"column":12},"end":{"line":52,"column":18}},"15":{"start":{"line":55,"column":8},"end":{"line":55,"column":35}},"16":{"start":{"line":61,"column":4},"end":{"line":63,"column":9}},"17":{"start":{"line":62,"column":8},"end":{"line":62,"column":15}},"18":{"start":{"line":64,"column":4},"end":{"line":77,"column":5}},"19":{"start":{"line":70,"column":8},"end":{"line":70,"column":14}},"20":{"start":{"line":76,"column":8},"end":{"line":76,"column":14}},"21":{"start":{"line":82,"column":4},"end":{"line":84,"column":9}},"22":{"start":{"line":83,"column":8},"end":{"line":83,"column":15}},"23":{"start":{"line":85,"column":4},"end":{"line":194,"column":5}},"24":{"start":{"line":91,"column":8},"end":{"line":99,"column":10}},"25":{"start":{"line":98,"column":12},"end":{"line":98,"column":35}},"26":{"start":{"line":102,"column":8},"end":{"line":104,"column":63}},"27":{"start":{"line":105,"column":8},"end":{"line":105,"column":14}},"28":{"start":{"line":112,"column":8},"end":{"line":121,"column":10},"skip":true},"29":{"start":{"line":119,"column":12},"end":{"line":119,"column":55},"skip":true},"30":{"start":{"line":120,"column":12},"end":{"line":120,"column":48},"skip":true},"31":{"start":{"line":123,"column":8},"end":{"line":136,"column":10},"skip":true},"32":{"start":{"line":130,"column":12},"end":{"line":130,"column":76},"skip":true},"33":{"start":{"line":131,"column":12},"end":{"line":131,"column":73},"skip":true},"34":{"start":{"line":132,"column":12},"end":{"line":132,"column":74},"skip":true},"35":{"start":{"line":133,"column":12},"end":{"line":133,"column":79},"skip":true},"36":{"start":{"line":134,"column":12},"end":{"line":134,"column":25},"skip":true},"37":{"start":{"line":135,"column":12},"end":{"line":135,"column":45},"skip":true},"38":{"start":{"line":138,"column":8},"end":{"line":145,"column":14},"skip":true},"39":{"start":{"line":143,"column":16},"end":{"line":143,"column":29},"skip":true},"40":{"start":{"line":144,"column":16},"end":{"line":144,"column":55},"skip":true},"41":{"start":{"line":147,"column":8},"end":{"line":156,"column":10},"skip":true},"42":{"start":{"line":154,"column":12},"end":{"line":154,"column":25},"skip":true},"43":{"start":{"line":155,"column":12},"end":{"line":155,"column":45},"skip":true},"44":{"start":{"line":158,"column":8},"end":{"line":167,"column":10},"skip":true},"45":{"start":{"line":165,"column":12},"end":{"line":165,"column":25},"skip":true},"46":{"start":{"line":166,"column":12},"end":{"line":166,"column":48},"skip":true},"47":{"start":{"line":169,"column":8},"end":{"line":178,"column":10},"skip":true},"48":{"start":{"line":176,"column":12},"end":{"line":176,"column":25},"skip":true},"49":{"start":{"line":177,"column":12},"end":{"line":177,"column":46},"skip":true},"50":{"start":{"line":180,"column":8},"end":{"line":189,"column":10},"skip":true},"51":{"start":{"line":187,"column":12},"end":{"line":187,"column":94},"skip":true},"52":{"start":{"line":188,"column":12},"end":{"line":188,"column":48},"skip":true},"53":{"start":{"line":192,"column":8},"end":{"line":192,"column":35},"skip":true},"54":{"start":{"line":193,"column":8},"end":{"line":193,"column":14},"skip":true}},"branchMap":{"1":{"line":25,"type":"binary-expr","locations":[{"start":{"line":25,"column":23},"end":{"line":25,"column":62}},{"start":{"line":26,"column":20},"end":{"line":26,"column":70}},{"start":{"line":27,"column":20},"end":{"line":27,"column":71}},{"start":{"line":28,"column":20},"end":{"line":28,"column":29}}]},"2":{"line":30,"type":"binary-expr","locations":[{"start":{"line":30,"column":23},"end":{"line":30,"column":37}},{"start":{"line":31,"column":20},"end":{"line":31,"column":61}},{"start":{"line":32,"column":20},"end":{"line":32,"column":70}},{"start":{"line":33,"column":20},"end":{"line":33,"column":26}}]},"3":{"line":37,"type":"cond-expr","locations":[{"start":{"line":38,"column":14},"end":{"line":38,"column":20}},{"start":{"line":39,"column":14},"end":{"line":39,"column":20}}]},"4":{"line":40,"type":"switch","locations":[{"start":{"line":42,"column":8},"end":{"line":47,"column":18}},{"start":{"line":49,"column":8},"end":{"line":52,"column":18}}]},"5":{"line":44,"type":"binary-expr","locations":[{"start":{"line":44,"column":16},"end":{"line":44,"column":44}},{"start":{"line":44,"column":48},"end":{"line":44,"column":66}}]},"6":{"line":50,"type":"binary-expr","locations":[{"start":{"line":50,"column":21},"end":{"line":50,"column":49}},{"start":{"line":50,"column":53},"end":{"line":50,"column":72}}]},"7":{"line":64,"type":"switch","locations":[{"start":{"line":69,"column":4},"end":{"line":70,"column":14}},{"start":{"line":75,"column":4},"end":{"line":76,"column":14}}]},"8":{"line":85,"type":"switch","locations":[{"start":{"line":90,"column":4},"end":{"line":105,"column":14}},{"start":{"line":111,"column":4},"end":{"line":193,"column":14},"skip":true}]},"9":{"line":91,"type":"binary-expr","locations":[{"start":{"line":91,"column":42},"end":{"line":91,"column":73}},{"start":{"line":91,"column":77},"end":{"line":99,"column":9}}]},"10":{"line":102,"type":"binary-expr","locations":[{"start":{"line":102,"column":18},"end":{"line":102,"column":32}},{"start":{"line":103,"column":12},"end":{"line":103,"column":53}},{"start":{"line":104,"column":12},"end":{"line":104,"column":61}}]},"11":{"line":112,"type":"binary-expr","locations":[{"start":{"line":112,"column":45},"end":{"line":112,"column":79},"skip":true},{"start":{"line":112,"column":83},"end":{"line":121,"column":9},"skip":true}]},"12":{"line":123,"type":"binary-expr","locations":[{"start":{"line":123,"column":42},"end":{"line":123,"column":73},"skip":true},{"start":{"line":123,"column":77},"end":{"line":136,"column":9},"skip":true}]},"13":{"line":138,"type":"binary-expr","locations":[{"start":{"line":138,"column":48},"end":{"line":138,"column":85},"skip":true},{"start":{"line":139,"column":12},"end":{"line":145,"column":13},"skip":true}]},"14":{"line":147,"type":"binary-expr","locations":[{"start":{"line":147,"column":42},"end":{"line":147,"column":73},"skip":true},{"start":{"line":147,"column":77},"end":{"line":156,"column":9},"skip":true}]},"15":{"line":158,"type":"binary-expr","locations":[{"start":{"line":158,"column":45},"end":{"line":158,"column":79},"skip":true},{"start":{"line":158,"column":83},"end":{"line":167,"column":9},"skip":true}]},"16":{"line":169,"type":"binary-expr","locations":[{"start":{"line":169,"column":43},"end":{"line":169,"column":75},"skip":true},{"start":{"line":169,"column":79},"end":{"line":178,"column":9},"skip":true}]},"17":{"line":180,"type":"binary-expr","locations":[{"start":{"line":180,"column":41},"end":{"line":180,"column":71},"skip":true},{"start":{"line":180,"column":75},"end":{"line":189,"column":9},"skip":true}]}},"code":["/* istanbul instrument in package npmtest_react_tag_input */","/*jslint","    bitwise: true,","    browser: true,","    maxerr: 8,","    maxlen: 96,","    node: true,","    nomen: true,","    regexp: true,","    stupid: true","*/","(function () {","    'use strict';","    var local;","","","","    // run shared js-env code - init-before","    (function () {","        // init local","        local = {};","        // init modeJs","        local.modeJs = (function () {","            try {","                return typeof navigator.userAgent === 'string' &&","                    typeof document.querySelector('body') === 'object' &&","                    typeof XMLHttpRequest.prototype.open === 'function' &&","                    'browser';","            } catch (errorCaughtBrowser) {","                return module.exports &&","                    typeof process.versions.node === 'string' &&","                    typeof require('http').createServer === 'function' &&","                    'node';","            }","        }());","        // init global","        local.global = local.modeJs === 'browser'","            ? window","            : global;","        switch (local.modeJs) {","        // re-init local from window.local","        case 'browser':","            local = local.global.utility2.objectSetDefault(","                local.global.utility2_rollup || local.global.local,","                local.global.utility2","            );","            break;","        // re-init local from example.js","        case 'node':","            local = (local.global.utility2_rollup || require('utility2'))","                .requireReadme();","            break;","        }","        // export local","        local.global.local = local;","    }());","","","","    // run shared js-env code - function","    (function () {","        return;","    }());","    switch (local.modeJs) {","","","","    // run browser js-env code - function","    case 'browser':","        break;","","","","    // run node js-env code - function","    case 'node':","        break;","    }","","","","    // run shared js-env code - init-after","    (function () {","        return;","    }());","    switch (local.modeJs) {","","","","    // run browser js-env code - init-after","    case 'browser':","        local.testCase_browser_nullCase = local.testCase_browser_nullCase || function (","            options,","            onError","        ) {","        /*","         * this function will test browsers's null-case handling-behavior-behavior","         */","            onError(null, options);","        };","","        // run tests","        local.nop(local.modeTest &&","            document.querySelector('#testRunButton1') &&","            document.querySelector('#testRunButton1').click());","        break;","","","","    // run node js-env code - init-after","    /* istanbul ignore next */","    case 'node':","        local.testCase_buildApidoc_default = local.testCase_buildApidoc_default || function (","            options,","            onError","        ) {","        /*","         * this function will test buildApidoc's default handling-behavior-behavior","         */","            options = { modulePathList: module.paths };","            local.buildApidoc(options, onError);","        };","","        local.testCase_buildApp_default = local.testCase_buildApp_default || function (","            options,","            onError","        ) {","        /*","         * this function will test buildApp's default handling-behavior-behavior","         */","            local.testCase_buildReadme_default(options, local.onErrorThrow);","            local.testCase_buildLib_default(options, local.onErrorThrow);","            local.testCase_buildTest_default(options, local.onErrorThrow);","            local.testCase_buildCustomOrg_default(options, local.onErrorThrow);","            options = [];","            local.buildApp(options, onError);","        };","","        local.testCase_buildCustomOrg_default = local.testCase_buildCustomOrg_default ||","            function (options, onError) {","            /*","             * this function will test buildCustomOrg's default handling-behavior","             */","                options = {};","                local.buildCustomOrg(options, onError);","            };","","        local.testCase_buildLib_default = local.testCase_buildLib_default || function (","            options,","            onError","        ) {","        /*","         * this function will test buildLib's default handling-behavior","         */","            options = {};","            local.buildLib(options, onError);","        };","","        local.testCase_buildReadme_default = local.testCase_buildReadme_default || function (","            options,","            onError","        ) {","        /*","         * this function will test buildReadme's default handling-behavior-behavior","         */","            options = {};","            local.buildReadme(options, onError);","        };","","        local.testCase_buildTest_default = local.testCase_buildTest_default || function (","            options,","            onError","        ) {","        /*","         * this function will test buildTest's default handling-behavior","         */","            options = {};","            local.buildTest(options, onError);","        };","","        local.testCase_webpage_default = local.testCase_webpage_default || function (","            options,","            onError","        ) {","        /*","         * this function will test webpage's default handling-behavior","         */","            options = { modeCoverageMerge: true, url: local.serverLocalHost + '?modeTest=1' };","            local.browserTest(options, onError);","        };","","        // run test-server","        local.testRunServer(local);","        break;","    }","}());",""],"l":{"12":2,"14":2,"19":2,"21":2,"23":2,"24":2,"25":2,"30":1,"37":2,"40":2,"43":1,"47":1,"50":1,"52":1,"55":2,"61":2,"62":2,"64":2,"70":1,"76":1,"82":2,"83":2,"85":2,"91":1,"98":1,"102":1,"105":1,"112":1,"119":1,"120":1,"123":1,"130":1,"131":1,"132":1,"133":1,"134":1,"135":1,"138":1,"143":2,"144":2,"147":1,"154":2,"155":2,"158":1,"165":2,"166":2,"169":1,"176":2,"177":2,"180":1,"187":1,"188":1,"192":1,"193":1}},"/home/travis/build/npmtest/node-npmtest-react-tag-input/lib.npmtest_react_tag_input.js":{"path":"/home/travis/build/npmtest/node-npmtest-react-tag-input/lib.npmtest_react_tag_input.js","s":{"1":2,"2":2,"3":2,"4":2,"5":2,"6":2,"7":2,"8":1,"9":2,"10":2,"11":2,"12":2,"13":1,"14":1,"15":1,"16":1},"b":{"1":[2,1,1,1],"2":[1,1,1,1],"3":[1,1],"4":[2,2],"5":[1,1]},"f":{"1":2,"2":2,"3":2},"fnMap":{"1":{"name":"(anonymous_1)","line":12,"loc":{"start":{"line":12,"column":1},"end":{"line":12,"column":13}}},"2":{"name":"(anonymous_2)","line":19,"loc":{"start":{"line":19,"column":5},"end":{"line":19,"column":17}}},"3":{"name":"(anonymous_3)","line":23,"loc":{"start":{"line":23,"column":24},"end":{"line":23,"column":36}}}},"statementMap":{"1":{"start":{"line":12,"column":0},"end":{"line":53,"column":5}},"2":{"start":{"line":14,"column":4},"end":{"line":14,"column":14}},"3":{"start":{"line":19,"column":4},"end":{"line":52,"column":9}},"4":{"start":{"line":21,"column":8},"end":{"line":21,"column":19}},"5":{"start":{"line":23,"column":8},"end":{"line":35,"column":13}},"6":{"start":{"line":24,"column":12},"end":{"line":34,"column":13}},"7":{"start":{"line":25,"column":16},"end":{"line":28,"column":30}},"8":{"start":{"line":30,"column":16},"end":{"line":33,"column":27}},"9":{"start":{"line":37,"column":8},"end":{"line":39,"column":21}},"10":{"start":{"line":41,"column":8},"end":{"line":41,"column":54}},"11":{"start":{"line":43,"column":8},"end":{"line":43,"column":60}},"12":{"start":{"line":45,"column":8},"end":{"line":51,"column":9}},"13":{"start":{"line":46,"column":12},"end":{"line":46,"column":66}},"14":{"start":{"line":48,"column":12},"end":{"line":48,"column":35}},"15":{"start":{"line":49,"column":12},"end":{"line":49,"column":49}},"16":{"start":{"line":50,"column":12},"end":{"line":50,"column":43}}},"branchMap":{"1":{"line":25,"type":"binary-expr","locations":[{"start":{"line":25,"column":23},"end":{"line":25,"column":62}},{"start":{"line":26,"column":20},"end":{"line":26,"column":70}},{"start":{"line":27,"column":20},"end":{"line":27,"column":71}},{"start":{"line":28,"column":20},"end":{"line":28,"column":29}}]},"2":{"line":30,"type":"binary-expr","locations":[{"start":{"line":30,"column":23},"end":{"line":30,"column":37}},{"start":{"line":31,"column":20},"end":{"line":31,"column":61}},{"start":{"line":32,"column":20},"end":{"line":32,"column":70}},{"start":{"line":33,"column":20},"end":{"line":33,"column":26}}]},"3":{"line":37,"type":"cond-expr","locations":[{"start":{"line":38,"column":14},"end":{"line":38,"column":20}},{"start":{"line":39,"column":14},"end":{"line":39,"column":20}}]},"4":{"line":41,"type":"binary-expr","locations":[{"start":{"line":41,"column":16},"end":{"line":41,"column":44}},{"start":{"line":41,"column":48},"end":{"line":41,"column":53}}]},"5":{"line":45,"type":"if","locations":[{"start":{"line":45,"column":8},"end":{"line":45,"column":8}},{"start":{"line":45,"column":8},"end":{"line":45,"column":8}}]}},"code":["/* istanbul instrument in package npmtest_react_tag_input */","/*jslint","    bitwise: true,","    browser: true,","    maxerr: 8,","    maxlen: 96,","    node: true,","    nomen: true,","    regexp: true,","    stupid: true","*/","(function () {","    'use strict';","    var local;","","","","    // run shared js-env code - init-before","    (function () {","        // init local","        local = {};","        // init modeJs","        local.modeJs = (function () {","            try {","                return typeof navigator.userAgent === 'string' &&","                    typeof document.querySelector('body') === 'object' &&","                    typeof XMLHttpRequest.prototype.open === 'function' &&","                    'browser';","            } catch (errorCaughtBrowser) {","                return module.exports &&","                    typeof process.versions.node === 'string' &&","                    typeof require('http').createServer === 'function' &&","                    'node';","            }","        }());","        // init global","        local.global = local.modeJs === 'browser'","            ? window","            : global;","        // init utility2_rollup","        local = local.global.utility2_rollup || local;","        // init lib","        local.local = local.npmtest_react_tag_input = local;","        // init exports","        if (local.modeJs === 'browser') {","            local.global.utility2_npmtest_react_tag_input = local;","        } else {","            module.exports = local;","            module.exports.__dirname = __dirname;","            module.exports.module = module;","        }","    }());","}());",""],"l":{"12":2,"14":2,"19":2,"21":2,"23":2,"24":2,"25":2,"30":1,"37":2,"41":2,"43":2,"45":2,"46":1,"48":1,"49":1,"50":1}},"/home/travis/build/npmtest/node-npmtest-react-tag-input/example.js":{"path":"/home/travis/build/npmtest/node-npmtest-react-tag-input/example.js","s":{"1":2,"2":2,"3":2,"4":2,"5":2,"6":2,"7":2,"8":1,"9":2,"10":2,"11":2,"12":2,"13":1,"14":2,"15":2,"16":2,"17":2,"18":2,"19":0,"20":2,"21":1,"22":1,"23":1,"24":1,"25":1,"26":0,"27":0,"28":1,"29":1,"30":2,"31":0,"32":0,"33":0,"34":1,"35":2,"36":2,"37":3,"38":3,"39":3,"40":3,"41":0,"42":3,"43":3,"44":3,"45":1,"46":3,"47":1,"48":1,"49":1,"50":1,"51":1,"52":1,"53":1,"54":1,"55":1,"56":1,"57":0,"58":1,"59":6,"60":6,"61":1,"62":2,"63":0,"64":2,"65":1,"66":1,"67":0,"68":0,"69":0,"70":0,"71":0,"72":0,"73":0,"74":0,"75":0,"76":0,"77":0,"78":0,"79":0,"80":0,"81":0,"82":0,"83":0},"b":{"1":[2,1,1,1],"2":[1,1,1,1],"3":[1,1],"4":[2,2],"5":[1,1],"6":[1,1],"7":[2,0],"8":[2,1,1,1,1,1],"9":[0,2,0],"10":[1,1],"11":[2,1,1],"12":[1,0],"13":[0,2],"14":[2,0,0,0,0,0,0],"15":[0,3],"16":[3,0],"17":[1,1],"18":[0,1],"19":[1,2,0,2],"20":[1,0],"21":[1,1],"22":[0,0],"23":[0,0],"24":[0,0],"25":[0,0],"26":[0,0],"27":[0,0],"28":[0,0]},"f":{"1":2,"2":2,"3":2,"4":2,"5":2,"6":2,"7":3,"8":3,"9":3,"10":1,"11":6,"12":0},"fnMap":{"1":{"name":"(anonymous_1)","line":26,"loc":{"start":{"line":26,"column":1},"end":{"line":26,"column":13}}},"2":{"name":"(anonymous_2)","line":33,"loc":{"start":{"line":33,"column":5},"end":{"line":33,"column":17}}},"3":{"name":"(anonymous_3)","line":37,"loc":{"start":{"line":37,"column":24},"end":{"line":37,"column":36}}},"4":{"name":"(anonymous_4)","line":69,"loc":{"start":{"line":69,"column":31},"end":{"line":69,"column":48}},"skip":true},"5":{"name":"(anonymous_5)","line":78,"loc":{"start":{"line":78,"column":26},"end":{"line":78,"column":45}},"skip":true},"6":{"name":"(anonymous_6)","line":123,"loc":{"start":{"line":123,"column":33},"end":{"line":123,"column":48}},"skip":true},"7":{"name":"(anonymous_7)","line":125,"loc":{"start":{"line":125,"column":27},"end":{"line":125,"column":39}},"skip":true},"8":{"name":"(anonymous_8)","line":133,"loc":{"start":{"line":133,"column":59},"end":{"line":133,"column":74}},"skip":true},"9":{"name":"(anonymous_9)","line":143,"loc":{"start":{"line":143,"column":45},"end":{"line":143,"column":62}},"skip":true},"10":{"name":"(anonymous_10)","line":144,"loc":{"start":{"line":144,"column":73},"end":{"line":144,"column":92}},"skip":true},"11":{"name":"(anonymous_11)","line":272,"loc":{"start":{"line":272,"column":51},"end":{"line":272,"column":77}},"skip":true},"12":{"name":"(anonymous_12)","line":315,"loc":{"start":{"line":315,"column":32},"end":{"line":315,"column":61}},"skip":true}},"statementMap":{"1":{"start":{"line":26,"column":0},"end":{"line":326,"column":5}},"2":{"start":{"line":28,"column":4},"end":{"line":28,"column":14}},"3":{"start":{"line":33,"column":4},"end":{"line":60,"column":9}},"4":{"start":{"line":35,"column":8},"end":{"line":35,"column":19}},"5":{"start":{"line":37,"column":8},"end":{"line":49,"column":13}},"6":{"start":{"line":38,"column":12},"end":{"line":48,"column":13}},"7":{"start":{"line":39,"column":16},"end":{"line":42,"column":30}},"8":{"start":{"line":44,"column":16},"end":{"line":47,"column":27}},"9":{"start":{"line":51,"column":8},"end":{"line":53,"column":21}},"10":{"start":{"line":55,"column":8},"end":{"line":57,"column":45}},"11":{"start":{"line":59,"column":8},"end":{"line":59,"column":35}},"12":{"start":{"line":61,"column":4},"end":{"line":325,"column":5}},"13":{"start":{"line":69,"column":8},"end":{"line":121,"column":10},"skip":true},"14":{"start":{"line":70,"column":12},"end":{"line":88,"column":13},"skip":true},"15":{"start":{"line":76,"column":16},"end":{"line":87,"column":19},"skip":true},"16":{"start":{"line":79,"column":20},"end":{"line":86,"column":21},"skip":true},"17":{"start":{"line":82,"column":24},"end":{"line":82,"column":43},"skip":true},"18":{"start":{"line":83,"column":24},"end":{"line":83,"column":30},"skip":true},"19":{"start":{"line":85,"column":24},"end":{"line":85,"column":49},"skip":true},"20":{"start":{"line":89,"column":12},"end":{"line":107,"column":13},"skip":true},"21":{"start":{"line":92,"column":16},"end":{"line":102,"column":17},"skip":true},"22":{"start":{"line":93,"column":20},"end":{"line":93,"column":86},"skip":true},"23":{"start":{"line":94,"column":20},"end":{"line":95,"column":45},"skip":true},"24":{"start":{"line":96,"column":20},"end":{"line":96,"column":42},"skip":true},"25":{"start":{"line":97,"column":20},"end":{"line":97,"column":48},"skip":true},"26":{"start":{"line":100,"column":20},"end":{"line":100,"column":85},"skip":true},"27":{"start":{"line":101,"column":20},"end":{"line":101,"column":96},"skip":true},"28":{"start":{"line":103,"column":16},"end":{"line":103,"column":22},"skip":true},"29":{"start":{"line":106,"column":16},"end":{"line":106,"column":22},"skip":true},"30":{"start":{"line":108,"column":12},"end":{"line":120,"column":13},"skip":true},"31":{"start":{"line":114,"column":16},"end":{"line":119,"column":17},"skip":true},"32":{"start":{"line":116,"column":20},"end":{"line":116,"column":78},"skip":true},"33":{"start":{"line":118,"column":20},"end":{"line":118,"column":47},"skip":true},"34":{"start":{"line":123,"column":8},"end":{"line":141,"column":11},"skip":true},"35":{"start":{"line":124,"column":12},"end":{"line":124,"column":54},"skip":true},"36":{"start":{"line":125,"column":12},"end":{"line":140,"column":14},"skip":true},"37":{"start":{"line":126,"column":16},"end":{"line":126,"column":28},"skip":true},"38":{"start":{"line":127,"column":16},"end":{"line":127,"column":69},"skip":true},"39":{"start":{"line":128,"column":16},"end":{"line":128,"column":75},"skip":true},"40":{"start":{"line":129,"column":16},"end":{"line":131,"column":17},"skip":true},"41":{"start":{"line":130,"column":20},"end":{"line":130,"column":27},"skip":true},"42":{"start":{"line":133,"column":16},"end":{"line":137,"column":36},"skip":true},"43":{"start":{"line":134,"column":20},"end":{"line":136,"column":55},"skip":true},"44":{"start":{"line":139,"column":16},"end":{"line":139,"column":57},"skip":true},"45":{"start":{"line":143,"column":8},"end":{"line":147,"column":11},"skip":true},"46":{"start":{"line":144,"column":12},"end":{"line":146,"column":15},"skip":true},"47":{"start":{"line":145,"column":16},"end":{"line":145,"column":70},"skip":true},"48":{"start":{"line":149,"column":8},"end":{"line":149,"column":31},"skip":true},"49":{"start":{"line":150,"column":8},"end":{"line":150,"column":14},"skip":true},"50":{"start":{"line":158,"column":8},"end":{"line":158,"column":31},"skip":true},"51":{"start":{"line":160,"column":8},"end":{"line":160,"column":33},"skip":true},"52":{"start":{"line":161,"column":8},"end":{"line":161,"column":37},"skip":true},"53":{"start":{"line":162,"column":8},"end":{"line":162,"column":35},"skip":true},"54":{"start":{"line":164,"column":8},"end":{"line":164,"column":50},"skip":true},"55":{"start":{"line":166,"column":8},"end":{"line":256,"column":2},"skip":true},"56":{"start":{"line":258,"column":8},"end":{"line":286,"column":9},"skip":true},"57":{"start":{"line":259,"column":12},"end":{"line":269,"column":14},"skip":true},"58":{"start":{"line":271,"column":12},"end":{"line":285,"column":19},"skip":true},"59":{"start":{"line":274,"column":20},"end":{"line":274,"column":35},"skip":true},"60":{"start":{"line":275,"column":20},"end":{"line":284,"column":21},"skip":true},"61":{"start":{"line":277,"column":24},"end":{"line":277,"column":64},"skip":true},"62":{"start":{"line":279,"column":24},"end":{"line":279,"column":40},"skip":true},"63":{"start":{"line":281,"column":24},"end":{"line":281,"column":40},"skip":true},"64":{"start":{"line":283,"column":24},"end":{"line":283,"column":39},"skip":true},"65":{"start":{"line":288,"column":8},"end":{"line":290,"column":9},"skip":true},"66":{"start":{"line":289,"column":12},"end":{"line":289,"column":18},"skip":true},"67":{"start":{"line":291,"column":8},"end":{"line":293,"column":54},"skip":true},"68":{"start":{"line":296,"column":8},"end":{"line":301,"column":37},"skip":true},"69":{"start":{"line":303,"column":8},"end":{"line":303,"column":82},"skip":true},"70":{"start":{"line":306,"column":8},"end":{"line":308,"column":9},"skip":true},"71":{"start":{"line":307,"column":12},"end":{"line":307,"column":82},"skip":true},"72":{"start":{"line":310,"column":8},"end":{"line":312,"column":9},"skip":true},"73":{"start":{"line":311,"column":12},"end":{"line":311,"column":18},"skip":true},"74":{"start":{"line":313,"column":8},"end":{"line":313,"column":54},"skip":true},"75":{"start":{"line":314,"column":8},"end":{"line":314,"column":69},"skip":true},"76":{"start":{"line":315,"column":8},"end":{"line":323,"column":36},"skip":true},"77":{"start":{"line":316,"column":12},"end":{"line":316,"column":61},"skip":true},"78":{"start":{"line":317,"column":12},"end":{"line":320,"column":13},"skip":true},"79":{"start":{"line":318,"column":16},"end":{"line":318,"column":75},"skip":true},"80":{"start":{"line":319,"column":16},"end":{"line":319,"column":23},"skip":true},"81":{"start":{"line":321,"column":12},"end":{"line":321,"column":38},"skip":true},"82":{"start":{"line":322,"column":12},"end":{"line":322,"column":27},"skip":true},"83":{"start":{"line":324,"column":8},"end":{"line":324,"column":14},"skip":true}},"branchMap":{"1":{"line":39,"type":"binary-expr","locations":[{"start":{"line":39,"column":23},"end":{"line":39,"column":62}},{"start":{"line":40,"column":20},"end":{"line":40,"column":70}},{"start":{"line":41,"column":20},"end":{"line":41,"column":71}},{"start":{"line":42,"column":20},"end":{"line":42,"column":29}}]},"2":{"line":44,"type":"binary-expr","locations":[{"start":{"line":44,"column":23},"end":{"line":44,"column":37}},{"start":{"line":45,"column":20},"end":{"line":45,"column":61}},{"start":{"line":46,"column":20},"end":{"line":46,"column":70}},{"start":{"line":47,"column":20},"end":{"line":47,"column":26}}]},"3":{"line":51,"type":"cond-expr","locations":[{"start":{"line":52,"column":14},"end":{"line":52,"column":20}},{"start":{"line":53,"column":14},"end":{"line":53,"column":20}}]},"4":{"line":55,"type":"binary-expr","locations":[{"start":{"line":55,"column":16},"end":{"line":55,"column":44}},{"start":{"line":55,"column":49},"end":{"line":57,"column":43}}]},"5":{"line":55,"type":"cond-expr","locations":[{"start":{"line":56,"column":14},"end":{"line":56,"column":59}},{"start":{"line":57,"column":14},"end":{"line":57,"column":43}}]},"6":{"line":61,"type":"switch","locations":[{"start":{"line":68,"column":4},"end":{"line":150,"column":14},"skip":true},{"start":{"line":156,"column":4},"end":{"line":324,"column":14},"skip":true}]},"7":{"line":70,"type":"if","locations":[{"start":{"line":70,"column":12},"end":{"line":70,"column":12},"skip":true},{"start":{"line":70,"column":12},"end":{"line":70,"column":12},"skip":true}]},"8":{"line":70,"type":"binary-expr","locations":[{"start":{"line":70,"column":16},"end":{"line":70,"column":22},"skip":true},{"start":{"line":70,"column":27},"end":{"line":70,"column":32},"skip":true},{"start":{"line":71,"column":20},"end":{"line":71,"column":39},"skip":true},{"start":{"line":72,"column":20},"end":{"line":72,"column":49},"skip":true},{"start":{"line":73,"column":20},"end":{"line":73,"column":58},"skip":true},{"start":{"line":74,"column":20},"end":{"line":74,"column":69},"skip":true}]},"9":{"line":79,"type":"switch","locations":[{"start":{"line":80,"column":20},"end":{"line":80,"column":33},"skip":true},{"start":{"line":81,"column":20},"end":{"line":83,"column":30},"skip":true},{"start":{"line":84,"column":20},"end":{"line":85,"column":49},"skip":true}]},"10":{"line":89,"type":"switch","locations":[{"start":{"line":90,"column":12},"end":{"line":103,"column":22},"skip":true},{"start":{"line":105,"column":12},"end":{"line":106,"column":22},"skip":true}]},"11":{"line":89,"type":"binary-expr","locations":[{"start":{"line":89,"column":20},"end":{"line":89,"column":25},"skip":true},{"start":{"line":89,"column":29},"end":{"line":89,"column":48},"skip":true},{"start":{"line":89,"column":52},"end":{"line":89,"column":74},"skip":true}]},"12":{"line":92,"type":"if","locations":[{"start":{"line":92,"column":16},"end":{"line":92,"column":16},"skip":true},{"start":{"line":92,"column":16},"end":{"line":92,"column":16},"skip":true}]},"13":{"line":108,"type":"if","locations":[{"start":{"line":108,"column":12},"end":{"line":108,"column":12},"skip":true},{"start":{"line":108,"column":12},"end":{"line":108,"column":12},"skip":true}]},"14":{"line":108,"type":"binary-expr","locations":[{"start":{"line":108,"column":16},"end":{"line":108,"column":61},"skip":true},{"start":{"line":108,"column":66},"end":{"line":108,"column":72},"skip":true},{"start":{"line":108,"column":77},"end":{"line":108,"column":82},"skip":true},{"start":{"line":109,"column":20},"end":{"line":109,"column":39},"skip":true},{"start":{"line":110,"column":20},"end":{"line":110,"column":49},"skip":true},{"start":{"line":111,"column":20},"end":{"line":111,"column":58},"skip":true},{"start":{"line":112,"column":20},"end":{"line":112,"column":68},"skip":true}]},"15":{"line":129,"type":"if","locations":[{"start":{"line":129,"column":16},"end":{"line":129,"column":16},"skip":true},{"start":{"line":129,"column":16},"end":{"line":129,"column":16},"skip":true}]},"16":{"line":134,"type":"cond-expr","locations":[{"start":{"line":135,"column":26},"end":{"line":135,"column":29},"skip":true},{"start":{"line":136,"column":26},"end":{"line":136,"column":54},"skip":true}]},"17":{"line":164,"type":"binary-expr","locations":[{"start":{"line":164,"column":27},"end":{"line":164,"column":43},"skip":true},{"start":{"line":164,"column":47},"end":{"line":164,"column":49},"skip":true}]},"18":{"line":258,"type":"if","locations":[{"start":{"line":258,"column":8},"end":{"line":258,"column":8},"skip":true},{"start":{"line":258,"column":8},"end":{"line":258,"column":8},"skip":true}]},"19":{"line":275,"type":"switch","locations":[{"start":{"line":276,"column":20},"end":{"line":277,"column":64},"skip":true},{"start":{"line":278,"column":20},"end":{"line":279,"column":40},"skip":true},{"start":{"line":280,"column":20},"end":{"line":281,"column":40},"skip":true},{"start":{"line":282,"column":20},"end":{"line":283,"column":39},"skip":true}]},"20":{"line":288,"type":"if","locations":[{"start":{"line":288,"column":8},"end":{"line":288,"column":8},"skip":true},{"start":{"line":288,"column":8},"end":{"line":288,"column":8},"skip":true}]},"21":{"line":288,"type":"binary-expr","locations":[{"start":{"line":288,"column":12},"end":{"line":288,"column":40},"skip":true},{"start":{"line":288,"column":44},"end":{"line":288,"column":67},"skip":true}]},"22":{"line":292,"type":"binary-expr","locations":[{"start":{"line":292,"column":12},"end":{"line":292,"column":50},"skip":true},{"start":{"line":293,"column":12},"end":{"line":293,"column":53},"skip":true}]},"23":{"line":297,"type":"binary-expr","locations":[{"start":{"line":297,"column":12},"end":{"line":297,"column":73},"skip":true},{"start":{"line":298,"column":12},"end":{"line":301,"column":36},"skip":true}]},"24":{"line":303,"type":"binary-expr","locations":[{"start":{"line":303,"column":43},"end":{"line":303,"column":75},"skip":true},{"start":{"line":303,"column":79},"end":{"line":303,"column":81},"skip":true}]},"25":{"line":306,"type":"if","locations":[{"start":{"line":306,"column":8},"end":{"line":306,"column":8},"skip":true},{"start":{"line":306,"column":8},"end":{"line":306,"column":8},"skip":true}]},"26":{"line":310,"type":"if","locations":[{"start":{"line":310,"column":8},"end":{"line":310,"column":8},"skip":true},{"start":{"line":310,"column":8},"end":{"line":310,"column":8},"skip":true}]},"27":{"line":313,"type":"binary-expr","locations":[{"start":{"line":313,"column":27},"end":{"line":313,"column":43},"skip":true},{"start":{"line":313,"column":47},"end":{"line":313,"column":53},"skip":true}]},"28":{"line":317,"type":"if","locations":[{"start":{"line":317,"column":12},"end":{"line":317,"column":12},"skip":true},{"start":{"line":317,"column":12},"end":{"line":317,"column":12},"skip":true}]}},"code":["/*","example.js","","quickstart example","","instruction","    1. save this script as example.js","    2. run the shell command:","        $ npm install npmtest-react-tag-input && PORT=8081 node example.js","    3. play with the browser-demo on http://127.0.0.1:8081","*/","","","","/* istanbul instrument in package npmtest_react_tag_input */","/*jslint","    bitwise: true,","    browser: true,","    maxerr: 8,","    maxlen: 96,","    node: true,","    nomen: true,","    regexp: true,","    stupid: true","*/","(function () {","    'use strict';","    var local;","","","","    // run shared js-env code - init-before","    (function () {","        // init local","        local = {};","        // init modeJs","        local.modeJs = (function () {","            try {","                return typeof navigator.userAgent === 'string' &&","                    typeof document.querySelector('body') === 'object' &&","                    typeof XMLHttpRequest.prototype.open === 'function' &&","                    'browser';","            } catch (errorCaughtBrowser) {","                return module.exports &&","                    typeof process.versions.node === 'string' &&","                    typeof require('http').createServer === 'function' &&","                    'node';","            }","        }());","        // init global","        local.global = local.modeJs === 'browser'","            ? window","            : global;","        // init utility2_rollup","        local = local.global.utility2_rollup || (local.modeJs === 'browser'","            ? local.global.utility2_npmtest_react_tag_input","            : global.utility2_moduleExports);","        // export local","        local.global.local = local;","    }());","    switch (local.modeJs) {","","","","    // init-after","    // run browser js-env code - init-after","    /* istanbul ignore next */","    case 'browser':","        local.testRunBrowser = function (event) {","            if (!event || (event &&","                    event.currentTarget &&","                    event.currentTarget.className &&","                    event.currentTarget.className.includes &&","                    event.currentTarget.className.includes('onreset'))) {","                // reset output","                Array.from(","                    document.querySelectorAll('body > .resettable')","                ).forEach(function (element) {","                    switch (element.tagName) {","                    case 'INPUT':","                    case 'TEXTAREA':","                        element.value = '';","                        break;","                    default:","                        element.textContent = '';","                    }","                });","            }","            switch (event && event.currentTarget && event.currentTarget.id) {","            case 'testRunButton1':","                // show tests","                if (document.querySelector('#testReportDiv1').style.display === 'none') {","                    document.querySelector('#testReportDiv1').style.display = 'block';","                    document.querySelector('#testRunButton1').textContent =","                        'hide internal test';","                    local.modeTest = true;","                    local.testRunDefault(local);","                // hide tests","                } else {","                    document.querySelector('#testReportDiv1').style.display = 'none';","                    document.querySelector('#testRunButton1').textContent = 'run internal test';","                }","                break;","            // custom-case","            default:","                break;","            }","            if (document.querySelector('#inputTextareaEval1') && (!event || (event &&","                    event.currentTarget &&","                    event.currentTarget.className &&","                    event.currentTarget.className.includes &&","                    event.currentTarget.className.includes('oneval')))) {","                // try to eval input-code","                try {","                    /*jslint evil: true*/","                    eval(document.querySelector('#inputTextareaEval1').value);","                } catch (errorCaught) {","                    console.error(errorCaught);","                }","            }","        };","        // log stderr and stdout to #outputTextareaStdout1","        ['error', 'log'].forEach(function (key) {","            console[key + '_original'] = console[key];","            console[key] = function () {","                var element;","                console[key + '_original'].apply(console, arguments);","                element = document.querySelector('#outputTextareaStdout1');","                if (!element) {","                    return;","                }","                // append text to #outputTextareaStdout1","                element.value += Array.from(arguments).map(function (arg) {","                    return typeof arg === 'string'","                        ? arg","                        : JSON.stringify(arg, null, 4);","                }).join(' ') + '\\n';","                // scroll textarea to bottom","                element.scrollTop = element.scrollHeight;","            };","        });","        // init event-handling","        ['change', 'click', 'keyup'].forEach(function (event) {","            Array.from(document.querySelectorAll('.on' + event)).forEach(function (element) {","                element.addEventListener(event, local.testRunBrowser);","            });","        });","        // run tests","        local.testRunBrowser();","        break;","","","","    // run node js-env code - init-after","    /* istanbul ignore next */","    case 'node':","        // export local","        module.exports = local;","        // require modules","        local.fs = require('fs');","        local.http = require('http');","        local.url = require('url');","        // init assets","        local.assetsDict = local.assetsDict || {};","        /* jslint-ignore-begin */","        local.assetsDict['/assets.index.template.html'] = '\\","<!doctype html>\\n\\","<html lang=\"en\">\\n\\","<head>\\n\\","<meta charset=\"UTF-8\">\\n\\","<meta name=\"viewport\" content=\"width=device-width, initial-scale=1\">\\n\\","<title>{{env.npm_package_name}} (v{{env.npm_package_version}})</title>\\n\\","<style>\\n\\","/*csslint\\n\\","    box-sizing: false,\\n\\","    universal-selector: false\\n\\","*/\\n\\","* {\\n\\","    box-sizing: border-box;\\n\\","}\\n\\","body {\\n\\","    background: #dde;\\n\\","    font-family: Arial, Helvetica, sans-serif;\\n\\","    margin: 2rem;\\n\\","}\\n\\","body > * {\\n\\","    margin-bottom: 1rem;\\n\\","}\\n\\",".utility2FooterDiv {\\n\\","    margin-top: 20px;\\n\\","    text-align: center;\\n\\","}\\n\\","</style>\\n\\","<style>\\n\\","/*csslint\\n\\","*/\\n\\","textarea {\\n\\","    font-family: monospace;\\n\\","    height: 10rem;\\n\\","    width: 100%;\\n\\","}\\n\\","textarea[readonly] {\\n\\","    background: #ddd;\\n\\","}\\n\\","</style>\\n\\","</head>\\n\\","<body>\\n\\","<!-- utility2-comment\\n\\","<div id=\"ajaxProgressDiv1\" style=\"background: #d00; height: 2px; left: 0; margin: 0; padding: 0; position: fixed; top: 0; transition: background 0.5s, width 1.5s; width: 25%;\"></div>\\n\\","utility2-comment -->\\n\\","<h1>\\n\\","<!-- utility2-comment\\n\\","    <a\\n\\","        {{#if env.npm_package_homepage}}\\n\\","        href=\"{{env.npm_package_homepage}}\"\\n\\","        {{/if env.npm_package_homepage}}\\n\\","        target=\"_blank\"\\n\\","    >\\n\\","utility2-comment -->\\n\\","        {{env.npm_package_name}} (v{{env.npm_package_version}})\\n\\","<!-- utility2-comment\\n\\","    </a>\\n\\","utility2-comment -->\\n\\","</h1>\\n\\","<h3>{{env.npm_package_description}}</h3>\\n\\","<!-- utility2-comment\\n\\","<h4><a download href=\"assets.app.js\">download standalone app</a></h4>\\n\\","<button class=\"onclick onreset\" id=\"testRunButton1\">run internal test</button><br>\\n\\","<div id=\"testReportDiv1\" style=\"display: none;\"></div>\\n\\","utility2-comment -->\\n\\","\\n\\","\\n\\","\\n\\","<label>stderr and stdout</label>\\n\\","<textarea class=\"resettable\" id=\"outputTextareaStdout1\" readonly></textarea>\\n\\","<!-- utility2-comment\\n\\","{{#if isRollup}}\\n\\","<script src=\"assets.app.js\"></script>\\n\\","{{#unless isRollup}}\\n\\","utility2-comment -->\\n\\","<script src=\"assets.utility2.rollup.js\"></script>\\n\\","<script src=\"jsonp.utility2._stateInit?callback=window.utility2._stateInit\"></script>\\n\\","<script src=\"assets.npmtest_react_tag_input.rollup.js\"></script>\\n\\","<script src=\"assets.example.js\"></script>\\n\\","<script src=\"assets.test.js\"></script>\\n\\","<!-- utility2-comment\\n\\","{{/if isRollup}}\\n\\","utility2-comment -->\\n\\","<div class=\"utility2FooterDiv\">\\n\\","    [ this app was created with\\n\\","    <a href=\"https://github.com/kaizhu256/node-utility2\" target=\"_blank\">utility2</a>\\n\\","    ]\\n\\","</div>\\n\\","</body>\\n\\","</html>\\n\\","';","        /* jslint-ignore-end */","        if (local.templateRender) {","            local.assetsDict['/'] = local.templateRender(","                local.assetsDict['/assets.index.template.html'],","                {","                    env: local.objectSetDefault(local.env, {","                        npm_package_description: 'the greatest app in the world!',","                        npm_package_name: 'my-app',","                        npm_package_nameAlias: 'my_app',","                        npm_package_version: '0.0.1'","                    })","                }","            );","        } else {","            local.assetsDict['/'] = local.assetsDict['/assets.index.template.html']","                .replace((/\\{\\{env\\.(\\w+?)\\}\\}/g), function (match0, match1) {","                    // jslint-hack","                    String(match0);","                    switch (match1) {","                    case 'npm_package_description':","                        return 'the greatest app in the world!';","                    case 'npm_package_name':","                        return 'my-app';","                    case 'npm_package_nameAlias':","                        return 'my_app';","                    case 'npm_package_version':","                        return '0.0.1';","                    }","                });","        }","        // run the cli","        if (local.global.utility2_rollup || module !== require.main) {","            break;","        }","        local.assetsDict['/assets.example.js'] =","            local.assetsDict['/assets.example.js'] ||","            local.fs.readFileSync(__filename, 'utf8');","        // bug-workaround - long $npm_package_buildCustomOrg","        /* jslint-ignore-begin */","        local.assetsDict['/assets.npmtest_react_tag_input.rollup.js'] =","            local.assetsDict['/assets.npmtest_react_tag_input.rollup.js'] ||","            local.fs.readFileSync(","                local.npmtest_react_tag_input.__dirname + '/lib.npmtest_react_tag_input.js',","                'utf8'","            ).replace((/^#!/), '//');","        /* jslint-ignore-end */","        local.assetsDict['/favicon.ico'] = local.assetsDict['/favicon.ico'] || '';","        // if $npm_config_timeout_exit exists,","        // then exit this process after $npm_config_timeout_exit ms","        if (Number(process.env.npm_config_timeout_exit)) {","            setTimeout(process.exit, Number(process.env.npm_config_timeout_exit));","        }","        // start server","        if (local.global.utility2_serverHttp1) {","            break;","        }","        process.env.PORT = process.env.PORT || '8081';","        console.error('server starting on port ' + process.env.PORT);","        local.http.createServer(function (request, response) {","            request.urlParsed = local.url.parse(request.url);","            if (local.assetsDict[request.urlParsed.pathname] !== undefined) {","                response.end(local.assetsDict[request.urlParsed.pathname]);","                return;","            }","            response.statusCode = 404;","            response.end();","        }).listen(process.env.PORT);","        break;","    }","}());",""],"l":{"26":2,"28":2,"33":2,"35":2,"37":2,"38":2,"39":2,"44":1,"51":2,"55":2,"59":2,"61":2,"69":1,"70":2,"76":2,"79":2,"82":2,"83":2,"85":1,"89":2,"92":1,"93":1,"94":1,"96":1,"97":1,"100":1,"101":1,"103":1,"106":1,"108":2,"114":1,"116":1,"118":1,"123":1,"124":2,"125":2,"126":3,"127":3,"128":3,"129":3,"130":1,"133":3,"134":3,"139":3,"143":1,"144":3,"145":1,"149":1,"150":1,"158":1,"160":1,"161":1,"162":1,"164":1,"166":1,"258":1,"259":1,"271":1,"274":6,"275":6,"277":1,"279":2,"281":1,"283":2,"288":1,"289":1,"291":1,"296":1,"303":1,"306":1,"307":1,"310":1,"311":1,"313":1,"314":1,"315":1,"316":1,"317":1,"318":1,"319":1,"321":1,"322":1,"324":1}},"/home/travis/build/npmtest/node-npmtest-react-tag-input/node_modules/react-tag-input/dist-modules/ReactTags.js":{"path":"/home/travis/build/npmtest/node-npmtest-react-tag-input/node_modules/react-tag-input/dist-modules/ReactTags.js","s":{"1":1,"2":0,"3":0,"4":0,"5":0,"6":0,"7":0,"8":1,"9":1,"10":1,"11":15,"12":15,"13":15,"14":15,"15":15,"16":15,"17":1,"18":1,"19":1,"20":1,"21":0,"22":1,"23":1,"24":1,"25":1,"26":1,"27":1,"28":1,"29":1,"30":1,"31":1,"32":1,"33":1,"34":1,"35":1,"36":1,"37":6,"38":1,"39":0,"40":0,"41":1,"42":0,"43":0,"44":0,"45":1,"46":1,"47":0,"48":1,"49":1,"50":1,"51":1,"52":1,"53":1,"54":1,"55":1,"56":1,"57":0,"58":0,"59":0,"60":0,"61":0,"62":0,"63":0,"64":0,"65":0,"66":0,"67":0,"68":0,"69":1,"70":0,"71":0,"72":0,"73":0,"74":0,"75":0,"76":0,"77":0,"78":0,"79":0,"80":0,"81":0,"82":0,"83":0,"84":0,"85":0,"86":0,"87":0,"88":0,"89":0,"90":0,"91":0,"92":0,"93":0,"94":0,"95":0,"96":0,"97":0,"98":0,"99":0,"100":0,"101":0,"102":0,"103":0,"104":0,"105":0,"106":0,"107":0,"108":0,"109":0,"110":0,"111":0,"112":0,"113":0,"114":0,"115":0,"116":0,"117":0,"118":0,"119":0,"120":0,"121":0,"122":0,"123":0,"124":0,"125":0,"126":0,"127":0,"128":0,"129":0,"130":0,"131":0,"132":0,"133":0,"134":0,"135":0,"136":0,"137":0,"138":0,"139":0,"140":0,"141":0,"142":0,"143":0,"144":0,"145":0,"146":0,"147":0,"148":0,"149":0,"150":0,"151":1,"152":1,"153":1,"154":1},"b":{"1":[1,0],"2":[0,0],"3":[15,15],"4":[15,0],"5":[1,0],"6":[0,1],"7":[3,3],"8":[6,6],"9":[0,0],"10":[0,0],"11":[0,0],"12":[0,0,0],"13":[0,1],"14":[1,0],"15":[1,1],"16":[1,0],"17":[1,0],"18":[0,0],"19":[0,0],"20":[0,0],"21":[0,0],"22":[0,0],"23":[0,0],"24":[0,0],"25":[0,0],"26":[0,0],"27":[0,0],"28":[0,0],"29":[0,0],"30":[0,0],"31":[0,0],"32":[0,0],"33":[0,0],"34":[0,0,0],"35":[0,0],"36":[0,0],"37":[0,0],"38":[0,0],"39":[0,0],"40":[0,0],"41":[0,0],"42":[0,0,0,0],"43":[0,0],"44":[0,0],"45":[0,0],"46":[0,0]},"f":{"1":0,"2":1,"3":1,"4":1,"5":6,"6":0,"7":0,"8":1,"9":1,"10":0,"11":0,"12":0,"13":0,"14":0,"15":0,"16":0,"17":0,"18":0,"19":0,"20":0,"21":0,"22":0,"23":0,"24":0,"25":0,"26":0,"27":0,"28":0,"29":0,"30":0,"31":0},"fnMap":{"1":{"name":"(anonymous_1)","line":3,"loc":{"start":{"line":3,"column":32},"end":{"line":3,"column":50}}},"2":{"name":"(anonymous_2)","line":5,"loc":{"start":{"line":5,"column":19},"end":{"line":5,"column":31}}},"3":{"name":"defineProperties","line":5,"loc":{"start":{"line":5,"column":33},"end":{"line":5,"column":74}}},"4":{"name":"(anonymous_4)","line":5,"loc":{"start":{"line":5,"column":357},"end":{"line":5,"column":405}}},"5":{"name":"_interopRequireDefault","line":33,"loc":{"start":{"line":33,"column":0},"end":{"line":33,"column":37}}},"6":{"name":"_classCallCheck","line":35,"loc":{"start":{"line":35,"column":0},"end":{"line":35,"column":48}}},"7":{"name":"_possibleConstructorReturn","line":37,"loc":{"start":{"line":37,"column":0},"end":{"line":37,"column":48}}},"8":{"name":"_inherits","line":39,"loc":{"start":{"line":39,"column":0},"end":{"line":39,"column":41}}},"9":{"name":"(anonymous_9)","line":64,"loc":{"start":{"line":64,"column":16},"end":{"line":64,"column":38}}},"10":{"name":"ReactTags","line":67,"loc":{"start":{"line":67,"column":2},"end":{"line":67,"column":28}}},"11":{"name":"componentWillMount","line":92,"loc":{"start":{"line":92,"column":11},"end":{"line":92,"column":41}}},"12":{"name":"resetAndFocusInput","line":99,"loc":{"start":{"line":99,"column":11},"end":{"line":99,"column":41}}},"13":{"name":"componentDidMount","line":111,"loc":{"start":{"line":111,"column":11},"end":{"line":111,"column":40}}},"14":{"name":"filteredSuggestions","line":116,"loc":{"start":{"line":116,"column":11},"end":{"line":116,"column":60}}},"15":{"name":"(anonymous_15)","line":121,"loc":{"start":{"line":121,"column":32},"end":{"line":121,"column":48}}},"16":{"name":"componentWillReceiveProps","line":127,"loc":{"start":{"line":127,"column":11},"end":{"line":127,"column":53}}},"17":{"name":"handleDelete","line":136,"loc":{"start":{"line":136,"column":11},"end":{"line":136,"column":39}}},"18":{"name":"handleChange","line":143,"loc":{"start":{"line":143,"column":11},"end":{"line":143,"column":36}}},"19":{"name":"handleBlur","line":164,"loc":{"start":{"line":164,"column":11},"end":{"line":164,"column":34}}},"20":{"name":"handleKeyDown","line":173,"loc":{"start":{"line":173,"column":11},"end":{"line":173,"column":37}}},"21":{"name":"handlePaste","line":240,"loc":{"start":{"line":240,"column":11},"end":{"line":240,"column":35}}},"22":{"name":"escapeRegex","line":246,"loc":{"start":{"line":246,"column":24},"end":{"line":246,"column":50}}},"23":{"name":"(anonymous_23)","line":251,"loc":{"start":{"line":251,"column":65},"end":{"line":251,"column":86}}},"24":{"name":"(anonymous_24)","line":260,"loc":{"start":{"line":260,"column":35},"end":{"line":260,"column":50}}},"25":{"name":"addTag","line":266,"loc":{"start":{"line":266,"column":11},"end":{"line":266,"column":32}}},"26":{"name":"handleSuggestionClick","line":289,"loc":{"start":{"line":289,"column":11},"end":{"line":289,"column":48}}},"27":{"name":"handleSuggestionHover","line":294,"loc":{"start":{"line":294,"column":11},"end":{"line":294,"column":48}}},"28":{"name":"moveTag","line":302,"loc":{"start":{"line":302,"column":11},"end":{"line":302,"column":51}}},"29":{"name":"render","line":314,"loc":{"start":{"line":314,"column":11},"end":{"line":314,"column":29}}},"30":{"name":"(anonymous_30)","line":319,"loc":{"start":{"line":319,"column":41},"end":{"line":319,"column":59}}},"31":{"name":"ref","line":346,"loc":{"start":{"line":346,"column":15},"end":{"line":346,"column":35}}}},"statementMap":{"1":{"start":{"line":3,"column":0},"end":{"line":3,"column":257}},"2":{"start":{"line":3,"column":52},"end":{"line":3,"column":239}},"3":{"start":{"line":3,"column":97},"end":{"line":3,"column":123}},"4":{"start":{"line":3,"column":124},"end":{"line":3,"column":237}},"5":{"start":{"line":3,"column":150},"end":{"line":3,"column":235}},"6":{"start":{"line":3,"column":207},"end":{"line":3,"column":233}},"7":{"start":{"line":3,"column":240},"end":{"line":3,"column":254}},"8":{"start":{"line":5,"column":0},"end":{"line":5,"column":564}},"9":{"start":{"line":5,"column":33},"end":{"line":5,"column":349}},"10":{"start":{"line":5,"column":76},"end":{"line":5,"column":347}},"11":{"start":{"line":5,"column":117},"end":{"line":5,"column":143}},"12":{"start":{"line":5,"column":144},"end":{"line":5,"column":199}},"13":{"start":{"line":5,"column":200},"end":{"line":5,"column":231}},"14":{"start":{"line":5,"column":232},"end":{"line":5,"column":286}},"15":{"start":{"line":5,"column":259},"end":{"line":5,"column":286}},"16":{"start":{"line":5,"column":287},"end":{"line":5,"column":345}},"17":{"start":{"line":5,"column":350},"end":{"line":5,"column":559}},"18":{"start":{"line":5,"column":407},"end":{"line":5,"column":475}},"19":{"start":{"line":5,"column":423},"end":{"line":5,"column":475}},"20":{"start":{"line":5,"column":476},"end":{"line":5,"column":536}},"21":{"start":{"line":5,"column":493},"end":{"line":5,"column":536}},"22":{"start":{"line":5,"column":537},"end":{"line":5,"column":556}},"23":{"start":{"line":7,"column":0},"end":{"line":7,"column":30}},"24":{"start":{"line":9,"column":0},"end":{"line":9,"column":45}},"25":{"start":{"line":11,"column":0},"end":{"line":11,"column":37}},"26":{"start":{"line":13,"column":0},"end":{"line":13,"column":51}},"27":{"start":{"line":15,"column":0},"end":{"line":15,"column":37}},"28":{"start":{"line":17,"column":0},"end":{"line":17,"column":63}},"29":{"start":{"line":19,"column":0},"end":{"line":19,"column":75}},"30":{"start":{"line":21,"column":0},"end":{"line":21,"column":44}},"31":{"start":{"line":23,"column":0},"end":{"line":23,"column":57}},"32":{"start":{"line":25,"column":0},"end":{"line":25,"column":39}},"33":{"start":{"line":27,"column":0},"end":{"line":27,"column":53}},"34":{"start":{"line":29,"column":0},"end":{"line":29,"column":28}},"35":{"start":{"line":31,"column":0},"end":{"line":31,"column":41}},"36":{"start":{"line":33,"column":0},"end":{"line":33,"column":95}},"37":{"start":{"line":33,"column":39},"end":{"line":33,"column":93}},"38":{"start":{"line":35,"column":0},"end":{"line":35,"column":153}},"39":{"start":{"line":35,"column":50},"end":{"line":35,"column":151}},"40":{"start":{"line":35,"column":92},"end":{"line":35,"column":149}},"41":{"start":{"line":37,"column":0},"end":{"line":37,"column":240}},"42":{"start":{"line":37,"column":50},"end":{"line":37,"column":151}},"43":{"start":{"line":37,"column":63},"end":{"line":37,"column":149}},"44":{"start":{"line":37,"column":152},"end":{"line":37,"column":238}},"45":{"start":{"line":39,"column":0},"end":{"line":39,"column":494}},"46":{"start":{"line":39,"column":43},"end":{"line":39,"column":208}},"47":{"start":{"line":39,"column":106},"end":{"line":39,"column":206}},"48":{"start":{"line":39,"column":209},"end":{"line":39,"column":373}},"49":{"start":{"line":39,"column":374},"end":{"line":39,"column":492}},"50":{"start":{"line":39,"column":390},"end":{"line":39,"column":492}},"51":{"start":{"line":42,"column":0},"end":{"line":49,"column":2}},"52":{"start":{"line":51,"column":0},"end":{"line":51,"column":40}},"53":{"start":{"line":53,"column":0},"end":{"line":62,"column":2}},"54":{"start":{"line":64,"column":0},"end":{"line":388,"column":20}},"55":{"start":{"line":65,"column":2},"end":{"line":65,"column":35}},"56":{"start":{"line":67,"column":2},"end":{"line":88,"column":3}},"57":{"start":{"line":68,"column":4},"end":{"line":68,"column":37}},"58":{"start":{"line":70,"column":4},"end":{"line":70,"column":126}},"59":{"start":{"line":72,"column":4},"end":{"line":77,"column":6}},"60":{"start":{"line":79,"column":4},"end":{"line":79,"column":52}},"61":{"start":{"line":80,"column":4},"end":{"line":80,"column":58}},"62":{"start":{"line":81,"column":4},"end":{"line":81,"column":56}},"63":{"start":{"line":82,"column":4},"end":{"line":82,"column":46}},"64":{"start":{"line":83,"column":4},"end":{"line":83,"column":54}},"65":{"start":{"line":84,"column":4},"end":{"line":84,"column":68}},"66":{"start":{"line":85,"column":4},"end":{"line":85,"column":74}},"67":{"start":{"line":86,"column":4},"end":{"line":86,"column":74}},"68":{"start":{"line":87,"column":4},"end":{"line":87,"column":17}},"69":{"start":{"line":90,"column":2},"end":{"line":385,"column":6}},"70":{"start":{"line":93,"column":6},"end":{"line":95,"column":9}},"71":{"start":{"line":100,"column":6},"end":{"line":102,"column":37}},"72":{"start":{"line":104,"column":6},"end":{"line":107,"column":7}},"73":{"start":{"line":105,"column":8},"end":{"line":105,"column":34}},"74":{"start":{"line":106,"column":8},"end":{"line":106,"column":31}},"75":{"start":{"line":112,"column":6},"end":{"line":112,"column":32}},"76":{"start":{"line":117,"column":6},"end":{"line":119,"column":7}},"77":{"start":{"line":118,"column":8},"end":{"line":118,"column":70}},"78":{"start":{"line":121,"column":6},"end":{"line":123,"column":9}},"79":{"start":{"line":122,"column":8},"end":{"line":122,"column":69}},"80":{"start":{"line":128,"column":6},"end":{"line":128,"column":86}},"81":{"start":{"line":129,"column":6},"end":{"line":132,"column":9}},"82":{"start":{"line":137,"column":6},"end":{"line":137,"column":33}},"83":{"start":{"line":138,"column":6},"end":{"line":138,"column":35}},"84":{"start":{"line":139,"column":6},"end":{"line":139,"column":32}},"85":{"start":{"line":144,"column":6},"end":{"line":146,"column":7}},"86":{"start":{"line":145,"column":8},"end":{"line":145,"column":60}},"87":{"start":{"line":148,"column":6},"end":{"line":148,"column":40}},"88":{"start":{"line":149,"column":6},"end":{"line":149,"column":80}},"89":{"start":{"line":151,"column":6},"end":{"line":151,"column":51}},"90":{"start":{"line":152,"column":6},"end":{"line":154,"column":7}},"91":{"start":{"line":153,"column":8},"end":{"line":153,"column":47}},"92":{"start":{"line":156,"column":6},"end":{"line":160,"column":9}},"93":{"start":{"line":165,"column":6},"end":{"line":165,"column":40}},"94":{"start":{"line":166,"column":6},"end":{"line":169,"column":7}},"95":{"start":{"line":167,"column":8},"end":{"line":167,"column":42}},"96":{"start":{"line":168,"column":8},"end":{"line":168,"column":34}},"97":{"start":{"line":174,"column":6},"end":{"line":177,"column":43}},"98":{"start":{"line":181,"column":6},"end":{"line":189,"column":7}},"99":{"start":{"line":182,"column":8},"end":{"line":182,"column":27}},"100":{"start":{"line":183,"column":8},"end":{"line":183,"column":28}},"101":{"start":{"line":184,"column":8},"end":{"line":188,"column":11}},"102":{"start":{"line":194,"column":6},"end":{"line":205,"column":7}},"103":{"start":{"line":195,"column":8},"end":{"line":197,"column":9}},"104":{"start":{"line":196,"column":10},"end":{"line":196,"column":29}},"105":{"start":{"line":199,"column":8},"end":{"line":204,"column":9}},"106":{"start":{"line":200,"column":10},"end":{"line":202,"column":11}},"107":{"start":{"line":201,"column":12},"end":{"line":201,"column":69}},"108":{"start":{"line":203,"column":10},"end":{"line":203,"column":29}},"109":{"start":{"line":208,"column":6},"end":{"line":210,"column":7}},"110":{"start":{"line":209,"column":8},"end":{"line":209,"column":54}},"111":{"start":{"line":213,"column":6},"end":{"line":227,"column":7}},"112":{"start":{"line":214,"column":8},"end":{"line":214,"column":27}},"113":{"start":{"line":216,"column":8},"end":{"line":218,"column":47}},"114":{"start":{"line":221,"column":8},"end":{"line":221,"column":92}},"115":{"start":{"line":223,"column":8},"end":{"line":226,"column":11}},"116":{"start":{"line":230,"column":6},"end":{"line":236,"column":7}},"117":{"start":{"line":231,"column":8},"end":{"line":231,"column":27}},"118":{"start":{"line":232,"column":8},"end":{"line":235,"column":11}},"119":{"start":{"line":241,"column":6},"end":{"line":241,"column":24}},"120":{"start":{"line":243,"column":6},"end":{"line":243,"column":25}},"121":{"start":{"line":246,"column":6},"end":{"line":248,"column":8}},"122":{"start":{"line":247,"column":8},"end":{"line":247,"column":74}},"123":{"start":{"line":251,"column":6},"end":{"line":255,"column":19}},"124":{"start":{"line":253,"column":8},"end":{"line":253,"column":66}},"125":{"start":{"line":254,"column":8},"end":{"line":254,"column":74}},"126":{"start":{"line":257,"column":6},"end":{"line":257,"column":66}},"127":{"start":{"line":258,"column":6},"end":{"line":258,"column":49}},"128":{"start":{"line":259,"column":6},"end":{"line":259,"column":59}},"129":{"start":{"line":260,"column":6},"end":{"line":262,"column":9}},"130":{"start":{"line":261,"column":8},"end":{"line":261,"column":48}},"131":{"start":{"line":267,"column":6},"end":{"line":273,"column":7}},"132":{"start":{"line":268,"column":8},"end":{"line":268,"column":84}},"133":{"start":{"line":270,"column":8},"end":{"line":272,"column":9}},"134":{"start":{"line":271,"column":10},"end":{"line":271,"column":35}},"135":{"start":{"line":276,"column":6},"end":{"line":276,"column":37}},"136":{"start":{"line":279,"column":6},"end":{"line":283,"column":9}},"137":{"start":{"line":285,"column":6},"end":{"line":285,"column":32}},"138":{"start":{"line":290,"column":6},"end":{"line":290,"column":45}},"139":{"start":{"line":295,"column":6},"end":{"line":298,"column":9}},"140":{"start":{"line":303,"column":6},"end":{"line":303,"column":33}},"141":{"start":{"line":306,"column":6},"end":{"line":306,"column":36}},"142":{"start":{"line":310,"column":6},"end":{"line":310,"column":60}},"143":{"start":{"line":315,"column":6},"end":{"line":315,"column":24}},"144":{"start":{"line":317,"column":6},"end":{"line":317,"column":64}},"145":{"start":{"line":319,"column":6},"end":{"line":331,"column":20}},"146":{"start":{"line":320,"column":8},"end":{"line":330,"column":11}},"147":{"start":{"line":334,"column":6},"end":{"line":340,"column":43}},"148":{"start":{"line":342,"column":6},"end":{"line":371,"column":15}},"149":{"start":{"line":347,"column":12},"end":{"line":347,"column":37}},"150":{"start":{"line":373,"column":6},"end":{"line":383,"column":8}},"151":{"start":{"line":387,"column":2},"end":{"line":387,"column":19}},"152":{"start":{"line":390,"column":0},"end":{"line":413,"column":2}},"153":{"start":{"line":415,"column":0},"end":{"line":426,"column":2}},"154":{"start":{"line":428,"column":0},"end":{"line":432,"column":2}}},"branchMap":{"1":{"line":3,"type":"binary-expr","locations":[{"start":{"line":3,"column":15},"end":{"line":3,"column":28}},{"start":{"line":3,"column":32},"end":{"line":3,"column":256}}]},"2":{"line":3,"type":"if","locations":[{"start":{"line":3,"column":150},"end":{"line":3,"column":150}},{"start":{"line":3,"column":150},"end":{"line":3,"column":150}}]},"3":{"line":5,"type":"binary-expr","locations":[{"start":{"line":5,"column":168},"end":{"line":5,"column":189}},{"start":{"line":5,"column":193},"end":{"line":5,"column":198}}]},"4":{"line":5,"type":"if","locations":[{"start":{"line":5,"column":232},"end":{"line":5,"column":232}},{"start":{"line":5,"column":232},"end":{"line":5,"column":232}}]},"5":{"line":5,"type":"if","locations":[{"start":{"line":5,"column":407},"end":{"line":5,"column":407}},{"start":{"line":5,"column":407},"end":{"line":5,"column":407}}]},"6":{"line":5,"type":"if","locations":[{"start":{"line":5,"column":476},"end":{"line":5,"column":476}},{"start":{"line":5,"column":476},"end":{"line":5,"column":476}}]},"7":{"line":33,"type":"cond-expr","locations":[{"start":{"line":33,"column":70},"end":{"line":33,"column":73}},{"start":{"line":33,"column":76},"end":{"line":33,"column":92}}]},"8":{"line":33,"type":"binary-expr","locations":[{"start":{"line":33,"column":46},"end":{"line":33,"column":49}},{"start":{"line":33,"column":53},"end":{"line":33,"column":67}}]},"9":{"line":35,"type":"if","locations":[{"start":{"line":35,"column":50},"end":{"line":35,"column":50}},{"start":{"line":35,"column":50},"end":{"line":35,"column":50}}]},"10":{"line":37,"type":"if","locations":[{"start":{"line":37,"column":50},"end":{"line":37,"column":50}},{"start":{"line":37,"column":50},"end":{"line":37,"column":50}}]},"11":{"line":37,"type":"cond-expr","locations":[{"start":{"line":37,"column":226},"end":{"line":37,"column":230}},{"start":{"line":37,"column":233},"end":{"line":37,"column":237}}]},"12":{"line":37,"type":"binary-expr","locations":[{"start":{"line":37,"column":159},"end":{"line":37,"column":163}},{"start":{"line":37,"column":168},"end":{"line":37,"column":192}},{"start":{"line":37,"column":196},"end":{"line":37,"column":222}}]},"13":{"line":39,"type":"if","locations":[{"start":{"line":39,"column":43},"end":{"line":39,"column":43}},{"start":{"line":39,"column":43},"end":{"line":39,"column":43}}]},"14":{"line":39,"type":"binary-expr","locations":[{"start":{"line":39,"column":47},"end":{"line":39,"column":79}},{"start":{"line":39,"column":83},"end":{"line":39,"column":102}}]},"15":{"line":39,"type":"binary-expr","locations":[{"start":{"line":39,"column":244},"end":{"line":39,"column":254}},{"start":{"line":39,"column":258},"end":{"line":39,"column":278}}]},"16":{"line":39,"type":"if","locations":[{"start":{"line":39,"column":374},"end":{"line":39,"column":374}},{"start":{"line":39,"column":374},"end":{"line":39,"column":374}}]},"17":{"line":39,"type":"cond-expr","locations":[{"start":{"line":39,"column":414},"end":{"line":39,"column":457}},{"start":{"line":39,"column":460},"end":{"line":39,"column":491}}]},"18":{"line":70,"type":"binary-expr","locations":[{"start":{"line":70,"column":50},"end":{"line":70,"column":69}},{"start":{"line":70,"column":73},"end":{"line":70,"column":105}}]},"19":{"line":104,"type":"if","locations":[{"start":{"line":104,"column":6},"end":{"line":104,"column":6}},{"start":{"line":104,"column":6},"end":{"line":104,"column":6}}]},"20":{"line":104,"type":"binary-expr","locations":[{"start":{"line":104,"column":10},"end":{"line":104,"column":19}},{"start":{"line":104,"column":23},"end":{"line":104,"column":32}}]},"21":{"line":117,"type":"if","locations":[{"start":{"line":117,"column":6},"end":{"line":117,"column":6}},{"start":{"line":117,"column":6},"end":{"line":117,"column":6}}]},"22":{"line":144,"type":"if","locations":[{"start":{"line":144,"column":6},"end":{"line":144,"column":6}},{"start":{"line":144,"column":6},"end":{"line":144,"column":6}}]},"23":{"line":152,"type":"if","locations":[{"start":{"line":152,"column":6},"end":{"line":152,"column":6}},{"start":{"line":152,"column":6},"end":{"line":152,"column":6}}]},"24":{"line":166,"type":"if","locations":[{"start":{"line":166,"column":6},"end":{"line":166,"column":6}},{"start":{"line":166,"column":6},"end":{"line":166,"column":6}}]},"25":{"line":181,"type":"if","locations":[{"start":{"line":181,"column":6},"end":{"line":181,"column":6}},{"start":{"line":181,"column":6},"end":{"line":181,"column":6}}]},"26":{"line":194,"type":"if","locations":[{"start":{"line":194,"column":6},"end":{"line":194,"column":6}},{"start":{"line":194,"column":6},"end":{"line":194,"column":6}}]},"27":{"line":194,"type":"binary-expr","locations":[{"start":{"line":194,"column":10},"end":{"line":194,"column":57}},{"start":{"line":194,"column":61},"end":{"line":194,"column":72}}]},"28":{"line":195,"type":"if","locations":[{"start":{"line":195,"column":8},"end":{"line":195,"column":8}},{"start":{"line":195,"column":8},"end":{"line":195,"column":8}}]},"29":{"line":195,"type":"binary-expr","locations":[{"start":{"line":195,"column":12},"end":{"line":195,"column":34}},{"start":{"line":195,"column":38},"end":{"line":195,"column":50}}]},"30":{"line":199,"type":"if","locations":[{"start":{"line":199,"column":8},"end":{"line":199,"column":8}},{"start":{"line":199,"column":8},"end":{"line":199,"column":8}}]},"31":{"line":200,"type":"if","locations":[{"start":{"line":200,"column":10},"end":{"line":200,"column":10}},{"start":{"line":200,"column":10},"end":{"line":200,"column":10}}]},"32":{"line":200,"type":"binary-expr","locations":[{"start":{"line":200,"column":14},"end":{"line":200,"column":38}},{"start":{"line":200,"column":42},"end":{"line":200,"column":72}}]},"33":{"line":208,"type":"if","locations":[{"start":{"line":208,"column":6},"end":{"line":208,"column":6}},{"start":{"line":208,"column":6},"end":{"line":208,"column":6}}]},"34":{"line":208,"type":"binary-expr","locations":[{"start":{"line":208,"column":10},"end":{"line":208,"column":38}},{"start":{"line":208,"column":42},"end":{"line":208,"column":53}},{"start":{"line":208,"column":57},"end":{"line":208,"column":93}}]},"35":{"line":213,"type":"if","locations":[{"start":{"line":213,"column":6},"end":{"line":213,"column":6}},{"start":{"line":213,"column":6},"end":{"line":213,"column":6}}]},"36":{"line":221,"type":"cond-expr","locations":[{"start":{"line":221,"column":47},"end":{"line":221,"column":70}},{"start":{"line":221,"column":73},"end":{"line":221,"column":91}}]},"37":{"line":230,"type":"if","locations":[{"start":{"line":230,"column":6},"end":{"line":230,"column":6}},{"start":{"line":230,"column":6},"end":{"line":230,"column":6}}]},"38":{"line":254,"type":"cond-expr","locations":[{"start":{"line":254,"column":53},"end":{"line":254,"column":60}},{"start":{"line":254,"column":63},"end":{"line":254,"column":72}}]},"39":{"line":257,"type":"binary-expr","locations":[{"start":{"line":257,"column":26},"end":{"line":257,"column":41}},{"start":{"line":257,"column":45},"end":{"line":257,"column":65}}]},"40":{"line":267,"type":"if","locations":[{"start":{"line":267,"column":6},"end":{"line":267,"column":6}},{"start":{"line":267,"column":6},"end":{"line":267,"column":6}}]},"41":{"line":270,"type":"if","locations":[{"start":{"line":270,"column":8},"end":{"line":270,"column":8}},{"start":{"line":270,"column":8},"end":{"line":270,"column":8}}]},"42":{"line":270,"type":"binary-expr","locations":[{"start":{"line":270,"column":12},"end":{"line":270,"column":41}},{"start":{"line":270,"column":45},"end":{"line":270,"column":73}},{"start":{"line":270,"column":77},"end":{"line":270,"column":109}},{"start":{"line":270,"column":113},"end":{"line":270,"column":135}}]},"43":{"line":317,"type":"cond-expr","locations":[{"start":{"line":317,"column":44},"end":{"line":317,"column":56}},{"start":{"line":317,"column":59},"end":{"line":317,"column":63}}]},"44":{"line":342,"type":"cond-expr","locations":[{"start":{"line":342,"column":44},"end":{"line":371,"column":7}},{"start":{"line":371,"column":10},"end":{"line":371,"column":14}}]},"45":{"line":380,"type":"binary-expr","locations":[{"start":{"line":380,"column":10},"end":{"line":380,"column":27}},{"start":{"line":380,"column":31},"end":{"line":380,"column":39}}]},"46":{"line":382,"type":"binary-expr","locations":[{"start":{"line":382,"column":8},"end":{"line":382,"column":26}},{"start":{"line":382,"column":30},"end":{"line":382,"column":38}}]}},"code":["\"use strict\";","","var _extends = Object.assign || function (target) { for (var i = 1; i < arguments.length; i++) { var source = arguments[i]; for (var key in source) { if (Object.prototype.hasOwnProperty.call(source, key)) { target[key] = source[key]; } } } return target; };","","var _createClass = function () { function defineProperties(target, props) { for (var i = 0; i < props.length; i++) { var descriptor = props[i]; descriptor.enumerable = descriptor.enumerable || false; descriptor.configurable = true; if (\"value\" in descriptor) descriptor.writable = true; Object.defineProperty(target, descriptor.key, descriptor); } } return function (Constructor, protoProps, staticProps) { if (protoProps) defineProperties(Constructor.prototype, protoProps); if (staticProps) defineProperties(Constructor, staticProps); return Constructor; }; }();","","var _react = require(\"react\");","","var _react2 = _interopRequireDefault(_react);","","var _reactDom = require(\"react-dom\");","","var _reactDom2 = _interopRequireDefault(_reactDom);","","var _reactDnd = require(\"react-dnd\");","","var _reactDndHtml5Backend = require(\"react-dnd-html5-backend\");","","var _reactDndHtml5Backend2 = _interopRequireDefault(_reactDndHtml5Backend);","","var _Suggestions = require(\"./Suggestions\");","","var _Suggestions2 = _interopRequireDefault(_Suggestions);","","var _propTypes = require(\"prop-types\");","","var _propTypes2 = _interopRequireDefault(_propTypes);","","var _Tag = require(\"./Tag\");","","var _Tag2 = _interopRequireDefault(_Tag);","","function _interopRequireDefault(obj) { return obj && obj.__esModule ? obj : { default: obj }; }","","function _classCallCheck(instance, Constructor) { if (!(instance instanceof Constructor)) { throw new TypeError(\"Cannot call a class as a function\"); } }","","function _possibleConstructorReturn(self, call) { if (!self) { throw new ReferenceError(\"this hasn't been initialised - super() hasn't been called\"); } return call && (typeof call === \"object\" || typeof call === \"function\") ? call : self; }","","function _inherits(subClass, superClass) { if (typeof superClass !== \"function\" && superClass !== null) { throw new TypeError(\"Super expression must either be null or a function, not \" + typeof superClass); } subClass.prototype = Object.create(superClass && superClass.prototype, { constructor: { value: subClass, enumerable: false, writable: true, configurable: true } }); if (superClass) Object.setPrototypeOf ? Object.setPrototypeOf(subClass, superClass) : subClass.__proto__ = superClass; }","","// Constants","var Keys = {","  ENTER: 13,","  TAB: 9,","  BACKSPACE: 8,","  UP_ARROW: 38,","  DOWN_ARROW: 40,","  ESCAPE: 27","};","","var DEFAULT_PLACEHOLDER = \"Add new tag\";","","var DefaultClassNames = {","  tags: \"ReactTags__tags\",","  tagInput: \"ReactTags__tagInput\",","  tagInputField: \"ReactTags__tagInputField\",","  selected: \"ReactTags__selected\",","  tag: \"ReactTags__tag\",","  remove: \"ReactTags__remove\",","  suggestions: \"ReactTags__suggestions\",","  activeSuggestion: \"ReactTags__activeSuggestion\"","};","","var ReactTags = function (_Component) {","  _inherits(ReactTags, _Component);","","  function ReactTags(props) {","    _classCallCheck(this, ReactTags);","","    var _this = _possibleConstructorReturn(this, (ReactTags.__proto__ || Object.getPrototypeOf(ReactTags)).call(this, props));","","    _this.state = {","      suggestions: _this.props.suggestions,","      query: \"\",","      selectedIndex: -1,","      selectionMode: false","    };","","    _this.handleBlur = _this.handleBlur.bind(_this);","    _this.handleKeyDown = _this.handleKeyDown.bind(_this);","    _this.handleChange = _this.handleChange.bind(_this);","    _this.moveTag = _this.moveTag.bind(_this);","    _this.handlePaste = _this.handlePaste.bind(_this);","    _this.resetAndFocusInput = _this.resetAndFocusInput.bind(_this);","    _this.handleSuggestionHover = _this.handleSuggestionHover.bind(_this);","    _this.handleSuggestionClick = _this.handleSuggestionClick.bind(_this);","    return _this;","  }","","  _createClass(ReactTags, [{","    key: \"componentWillMount\",","    value: function componentWillMount() {","      this.setState({","        classNames: _extends({}, DefaultClassNames, this.props.classNames)","      });","    }","  }, {","    key: \"resetAndFocusInput\",","    value: function resetAndFocusInput() {","      var _props = this.props,","          autofocus = _props.autofocus,","          readOnly = _props.readOnly;","","      if (autofocus && !readOnly) {","        this.textInput.value = \"\";","        this.textInput.focus();","      }","    }","  }, {","    key: \"componentDidMount\",","    value: function componentDidMount() {","      this.resetAndFocusInput();","    }","  }, {","    key: \"filteredSuggestions\",","    value: function filteredSuggestions(query, suggestions) {","      if (this.props.handleFilterSuggestions) {","        return this.props.handleFilterSuggestions(query, suggestions);","      }","","      return suggestions.filter(function (item) {","        r
[...]
lumn":57}}},"11":{"name":"RemoveComponent","line":87,"loc":{"start":{"line":87,"column":0},"end":{"line":87,"column":32}}},"12":{"name":"(anonymous_12)","line":104,"loc":{"start":{"line":104,"column":10},"end":{"line":104,"column":33}}},"13":{"name":"Tag","line":107,"loc":{"start":{"line":107,"column":2},"end":{"line":107,"column":17}}},"14":{"name":"(anonymous_14)","line":118,"loc":{"start":{"line":118,"column":185},"end":{"line":118,"column":197}}}},"statementMap":{"1":{"start":{"line":3,"column":0},"end":{"line":5,"column":3}},"2":{"start":{"line":7,"column":0},"end":{"line":7,"column":30}},"3":{"start":{"line":9,"column":0},"end":{"line":9,"column":45}},"4":{"start":{"line":11,"column":0},"end":{"line":11,"column":37}},"5":{"start":{"line":13,"column":0},"end":{"line":13,"column":37}},"6":{"start":{"line":15,"column":0},"end":{"line":15,"column":39}},"7":{"start":{"line":17,"column":0},"end":{"line":17,"column":53}},"8":{"start":{"line":19,"column":0},"end":{"line":19,"column":35}},"9":{"start":{"line":21,"column":0},"end":{"line":21,"column":43}},"10":{"start":{"line":23,"column":0},"end":{"line":23,"column":95}},"11":{"start":{"line":23,"column":39},"end":{"line":23,"column":93}},"12":{"start":{"line":25,"column":0},"end":{"line":25,"column":153}},"13":{"start":{"line":25,"column":50},"end":{"line":25,"column":151}},"14":{"start":{"line":25,"column":92},"end":{"line":25,"column":149}},"15":{"start":{"line":27,"column":0},"end":{"line":27,"column":240}},"16":{"start":{"line":27,"column":50},"end":{"line":27,"column":151}},"17":{"start":{"line":27,"column":63},"end":{"line":27,"column":149}},"18":{"start":{"line":27,"column":152},"end":{"line":27,"column":238}},"19":{"start":{"line":29,"column":0},"end":{"line":29,"column":494}},"20":{"start":{"line":29,"column":43},"end":{"line":29,"column":208}},"21":{"start":{"line":29,"column":106},"end":{"line":29,"column":206}},"22":{"start":{"line":29,"column":209},"end":{"line":29,"column":373}},"23":{"start":{"line":29,"column":374},"end":{"line":29,"column":492}},"24":{"start":{"line":29,"column":390},"end":{"line":29,"column":492}},"25":{"start":{"line":31,"column":0},"end":{"line":31,"column":31}},"26":{"start":{"line":33,"column":0},"end":{"line":40,"column":2}},"27":{"start":{"line":35,"column":4},"end":{"line":35,"column":52}},"28":{"start":{"line":38,"column":4},"end":{"line":38,"column":44}},"29":{"start":{"line":42,"column":0},"end":{"line":72,"column":2}},"30":{"start":{"line":44,"column":4},"end":{"line":44,"column":44}},"31":{"start":{"line":45,"column":4},"end":{"line":45,"column":33}},"32":{"start":{"line":47,"column":4},"end":{"line":49,"column":5}},"33":{"start":{"line":48,"column":6},"end":{"line":48,"column":13}},"34":{"start":{"line":51,"column":4},"end":{"line":51,"column":90}},"35":{"start":{"line":52,"column":4},"end":{"line":52,"column":78}},"36":{"start":{"line":53,"column":4},"end":{"line":53,"column":49}},"37":{"start":{"line":54,"column":4},"end":{"line":54,"column":63}},"38":{"start":{"line":57,"column":4},"end":{"line":59,"column":5}},"39":{"start":{"line":58,"column":6},"end":{"line":58,"column":13}},"40":{"start":{"line":61,"column":4},"end":{"line":63,"column":5}},"41":{"start":{"line":62,"column":6},"end":{"line":62,"column":13}},"42":{"start":{"line":65,"column":4},"end":{"line":65,"column":41}},"43":{"start":{"line":67,"column":4},"end":{"line":67,"column":41}},"44":{"start":{"line":70,"column":4},"end":{"line":70,"column":27}},"45":{"start":{"line":74,"column":0},"end":{"line":79,"column":2}},"46":{"start":{"line":75,"column":2},"end":{"line":78,"column":4}},"47":{"start":{"line":81,"column":0},"end":{"line":85,"column":2}},"48":{"start":{"line":82,"column":2},"end":{"line":84,"column":4}},"49":{"start":{"line":87,"column":0},"end":{"line":102,"column":1}},"50":{"start":{"line":88,"column":2},"end":{"line":90,"column":3}},"51":{"start":{"line":89,"column":4},"end":{"line":89,"column":55}},"52":{"start":{"line":92,"column":2},"end":{"line":95,"column":3}},"53":{"start":{"line":93,"column":4},"end":{"line":93,"column":43}},"54":{"start":{"line":94,"column":4},"end":{"line":94,"column":60}},"55":{"start":{"line":97,"column":2},"end":{"line":101,"column":4}},"56":{"start":{"line":104,"column":0},"end":{"line":148,"column":20}},"57":{"start":{"line":105,"column":2},"end":{"line":105,"column":30}},"58":{"start":{"line":107,"column":2},"end":{"line":145,"column":3}},"59":{"start":{"line":108,"column":4},"end":{"line":108,"column":13}},"60":{"start":{"line":110,"column":4},"end":{"line":110,"column":27}},"61":{"start":{"line":112,"column":4},"end":{"line":112,"column":31}},"62":{"start":{"line":114,"column":4},"end":{"line":116,"column":5}},"63":{"start":{"line":115,"column":6},"end":{"line":115,"column":35}},"64":{"start":{"line":118,"column":4},"end":{"line":144,"column":55}},"65":{"start":{"line":119,"column":6},"end":{"line":120,"column":31}},"66":{"start":{"line":122,"column":6},"end":{"line":122,"column":46}},"67":{"start":{"line":123,"column":6},"end":{"line":127,"column":62}},"68":{"start":{"line":130,"column":6},"end":{"line":142,"column":8}},"69":{"start":{"line":143,"column":6},"end":{"line":143,"column":64}},"70":{"start":{"line":147,"column":2},"end":{"line":147,"column":13}},"71":{"start":{"line":150,"column":0},"end":{"line":161,"column":2}},"72":{"start":{"line":163,"column":0},"end":{"line":166,"column":2}},"73":{"start":{"line":168,"column":0},"end":{"line":168,"column":174}}},"branchMap":{"1":{"line":23,"type":"cond-expr","locations":[{"start":{"line":23,"column":70},"end":{"line":23,"column":73}},{"start":{"line":23,"column":76},"end":{"line":23,"column":92}}]},"2":{"line":23,"type":"binary-expr","locations":[{"start":{"line":23,"column":46},"end":{"line":23,"column":49}},{"start":{"line":23,"column":53},"end":{"line":23,"column":67}}]},"3":{"line":25,"type":"if","locations":[{"start":{"line":25,"column":50},"end":{"line":25,"column":50}},{"start":{"line":25,"column":50},"end":{"line":25,"column":50}}]},"4":{"line":27,"type":"if","locations":[{"start":{"line":27,"column":50},"end":{"line":27,"column":50}},{"start":{"line":27,"column":50},"end":{"line":27,"column":50}}]},"5":{"line":27,"type":"cond-expr","locations":[{"start":{"line":27,"column":226},"end":{"line":27,"column":230}},{"start":{"line":27,"column":233},"end":{"line":27,"column":237}}]},"6":{"line":27,"type":"binary-expr","locations":[{"start":{"line":27,"column":159},"end":{"line":27,"column":163}},{"start":{"line":27,"column":168},"end":{"line":27,"column":192}},{"start":{"line":27,"column":196},"end":{"line":27,"column":222}}]},"7":{"line":29,"type":"if","locations":[{"start":{"line":29,"column":43},"end":{"line":29,"column":43}},{"start":{"line":29,"column":43},"end":{"line":29,"column":43}}]},"8":{"line":29,"type":"binary-expr","locations":[{"start":{"line":29,"column":47},"end":{"line":29,"column":79}},{"start":{"line":29,"column":83},"end":{"line":29,"column":102}}]},"9":{"line":29,"type":"binary-expr","locations":[{"start":{"line":29,"column":244},"end":{"line":29,"column":254}},{"start":{"line":29,"column":258},"end":{"line":29,"column":278}}]},"10":{"line":29,"type":"if","locations":[{"start":{"line":29,"column":374},"end":{"line":29,"column":374}},{"start":{"line":29,"column":374},"end":{"line":29,"column":374}}]},"11":{"line":29,"type":"cond-expr","locations":[{"start":{"line":29,"column":414},"end":{"line":29,"column":457}},{"start":{"line":29,"column":460},"end":{"line":29,"column":491}}]},"12":{"line":38,"type":"binary-expr","locations":[{"start":{"line":38,"column":11},"end":{"line":38,"column":24}},{"start":{"line":38,"column":28},"end":{"line":38,"column":43}}]},"13":{"line":47,"type":"if","locations":[{"start":{"line":47,"column":4},"end":{"line":47,"column":4}},{"start":{"line":47,"column":4},"end":{"line":47,"column":4}}]},"14":{"line":57,"type":"if","locations":[{"start":{"line":57,"column":4},"end":{"line":57,"column":4}},{"start":{"line":57,"column":4},"end":{"line":57,"column":4}}]},"15":{"line":57,"type":"binary-expr","locations":[{"start":{"line":57,"column":8},"end":{"line":57,"column":30}},{"start":{"line":57,"column":34},"end":{"line":57,"column":61}}]},"16":{"line":61,"type":"if","locations":[{"start":{"line":61,"column":4},"end":{"line":61,"column":4}},{"start":{"line":61,"column":4},"end":{"line":61,"column":4}}]},"17":{"line":61,"type":"binary-expr","locations":[{"start":{"line":61,"column":8},"end":{"line":61,"column":30}},{"start":{"line":61,"column":34},"end":{"line":61,"column":61}}]},"18":{"line":88,"type":"if","locations":[{"start":{"line":88,"column":2},"end":{"line":88,"column":2}},{"start":{"line":88,"column":2},"end":{"line":88,"column":2}}]},"19":{"line":92,"type":"if","locations":[{"start":{"line":92,"column":2},"end":{"line":92,"column":2}},{"start":{"line":92,"column":2},"end":{"line":92,"column":2}}]},"20":{"line":118,"type":"binary-expr","locations":[{"start":{"line":118,"column":77},"end":{"line":118,"column":90}},{"start":{"line":118,"column":94},"end":{"line":118,"column":120}}]},"21":{"line":133,"type":"cond-expr","locations":[{"start":{"line":133,"column":41},"end":{"line":133,"column":42}},{"start":{"line":133,"column":45},"end":{"line":133,"column":46}}]}},"code":["\"use strict\";","","Object.defineProperty(exports, \"__esModule\", {","  value: true","});","","var _react = require(\"react\");","","var _react2 = _interopRequireDefault(_react);","","var _reactDom = require(\"react-dom\");","","var _reactDnd = require(\"react-dnd\");","","var _propTypes = require(\"prop-types\");","","var _propTypes2 = _interopRequireDefault(_propTypes);","","var _flow = require(\"lodash/flow\");","","var _flow2 = _interopRequireDefault(_flow);","","function _interopRequireDefault(obj) { return obj && obj.__esModule ? obj : { default: obj }; }","","function _classCallCheck(instance, Constructor) { if (!(instance instanceof Constructor)) { throw new TypeError(\"Cannot call a class as a function\"); } }","","function _possibleConstructorReturn(self, call) { if (!self) { throw new ReferenceError(\"this hasn't been initialised - super() hasn't been called\"); } return call && (typeof call === \"object\" || typeof call === \"function\") ? call : self; }","","function _inherits(subClass, superClass) { if (typeof superClass !== \"function\" && superClass !== null) { throw new TypeError(\"Super expression must either be null or a function, not \" + typeof superClass); } subClass.prototype = Object.create(superClass && superClass.prototype, { constructor: { value: subClass, enumerable: false, writable: true, configurable: true } }); if (superClass) Object.setPrototypeOf ? Object.setPrototypeOf(subClass, superClass) : subClass.__proto__ = superClass; }","","var ItemTypes = { TAG: \"tag\" };","","var tagSource = {","  beginDrag: function beginDrag(props) {","    return { id: props.tag.id, index: props.index };","  },","  canDrag: function canDrag(props) {","    return props.moveTag && !props.readOnly;","  }","};","","var tagTarget = {","  hover: function hover(props, monitor, component) {","    var dragIndex = monitor.getItem().index;","    var hoverIndex = props.index;","","    if (dragIndex === hoverIndex) {","      return;","    }","","    var hoverBoundingRect = (0, _reactDom.findDOMNode)(component).getBoundingClientRect();","    var hoverMiddleX = (hoverBoundingRect.right - hoverBoundingRect.left) / 2;","    var clientOffset = monitor.getClientOffset();","    var hoverClientX = clientOffset.x - hoverBoundingRect.left;","","    // Only perform the move when the mouse has crossed half of the items width","    if (dragIndex < hoverIndex && hoverClientX < hoverMiddleX) {","      return;","    }","","    if (dragIndex > hoverIndex && hoverClientX > hoverMiddleX) {","      return;","    }","","    props.moveTag(dragIndex, hoverIndex);","","    monitor.getItem().index = hoverIndex;","  },","  canDrop: function canDrop(props) {","    return !props.readOnly;","  }","};","","var dragSource = function dragSource(connect, monitor) {","  return {","    connectDragSource: connect.dragSource(),","    isDragging: monitor.isDragging()","  };","};","","var dropCollect = function dropCollect(connect, monitor) {","  return {","    connectDropTarget: connect.dropTarget()","  };","};","","function RemoveComponent(props) {","  if (props.readOnly) {","    return _react2.default.createElement(\"span\", null);","  }","","  if (props.removeComponent) {","    var _Component = props.removeComponent;","    return _react2.default.createElement(_Component, props);","  }","","  return _react2.default.createElement(","    \"a\",","    { onClick: props.onClick, className: props.className },","    String.fromCharCode(215)","  );","}","","var Tag = function (_Component2) {","  _inherits(Tag, _Component2);","","  function Tag() {","    var _ref;","","    var _temp, _this, _ret;","","    _classCallCheck(this, Tag);","","    for (var _len = arguments.length, args = Array(_len), _key = 0; _key < _len; _key++) {","      args[_key] = arguments[_key];","    }","","    return _ret = (_temp = (_this = _possibleConstructorReturn(this, (_ref = Tag.__proto__ || Object.getPrototypeOf(Tag)).call.apply(_ref, [this].concat(args))), _this), _this.render = function () {","      var _this2 = _this,","          props = _this2.props;","","      var label = props.tag[props.labelField];","      var connectDragSource = props.connectDragSource,","          isDragging = props.isDragging,","          connectDropTarget = props.connectDropTarget,","          readOnly = props.readOnly,","          CustomRemoveComponent = props.CustomRemoveComponent;","","","      var tagComponent = _react2.default.createElement(","        \"span\",","        {","          style: { opacity: isDragging ? 0 : 1 },","          className: props.classNames.tag },","        label,","        _react2.default.createElement(RemoveComponent, {","          className: props.classNames.remove,","          removeComponent: props.removeComponent,","          onClick: props.onDelete,","          readOnly: props.readOnly","        })","      );","      return connectDragSource(connectDropTarget(tagComponent));","    }, _temp), _possibleConstructorReturn(_this, _ret);","  }","","  return Tag;","}(_react.Component);","","Tag.PropTypes = {","  labelField: _propTypes2.default.string,","  onDelete: _propTypes2.default.func.isRequired,","  tag: _propTypes2.default.object.isRequired,","  moveTag: _propTypes2.default.func,","  removeComponent: _propTypes2.default.func,","  classNames: _propTypes2.default.object,","  readOnly: _propTypes2.default.bool,","  connectDragSource: _propTypes2.default.func.isRequired,","  isDragging: _propTypes2.default.bool.isRequired,","  connectDropTarget: _propTypes2.default.func.isRequired","};","","Tag.defaultProps = {","  labelField: \"text\",","  readOnly: false","};","","exports.default = (0, _flow2.default)((0, _reactDnd.DragSource)(ItemTypes.TAG, tagSource, dragSource), (0, _reactDnd.DropTarget)(ItemTypes.TAG, tagTarget, dropCollect))(Tag);"],"l":{"3":1,"7":1,"9":1,"11":1,"13":1,"15":1,"17":1,"19":1,"21":1,"23":3,"25":1,"27":1,"29":1,"31":1,"33":1,"35":0,"38":0,"42":1,"44":0,"45":0,"47":0,"48":0,"51":0,"52":0,"53":0,"54":0,"57":0,"58":0,"61":0,"62":0,"65":0,"67":0,"70":0,"74":1,"75":0,"81":1,"82":0,"87":1,"88":0,"89":0,"92":0,"93":0,"94":0,"97":0,"104":1,"105":1,"107":1,"108":0,"110":0,"112":0,"114":0,"115":0,"118":0,"119":0,"122":0,"123":0,"130":0,"143":0,"147":1,"150":1,"163":1,"168":1}},"/home/travis/build/npmtest/node-npmtest-react-tag-input/node_modules/react-tag-input/webpack-dev-server.config.js":{"path":"/home/travis/build/npmtest/node-npmtest-react-tag-input/node_modules/react-tag-input/webpack-dev-server.config.js","s":{"1":2,"2":0,"3":0,"4":0,"5":0,"6":0},"b":{},"f":{},"fnMap":{},"statementMap":{"1":{"start":{"line":1,"column":0},"end":{"line":1,"column":35}},"2":{"start":{"line":2,"column":0},"end":{"line":2,"column":29}},"3":{"start":{"line":3,"column":0},"end":{"line":3,"column":50}},"4":{"start":{"line":4,"column":0},"end":{"line":4,"column":64}},"5":{"start":{"line":6,"column":0},"end":{"line":47,"column":2}},"6":{"start":{"line":49,"column":0},"end":{"line":49,"column":24}}},"branchMap":{},"code":["const webpack = require(\"webpack\");","const path = require(\"path\");","const buildPath = path.resolve(__dirname, \"dist\");","const nodeModulesPath = path.resolve(__dirname, \"node_modules\");","","const config = {","  // Entry points to the project","  entry: [","    \"webpack/hot/only-dev-server\",","    path.join(__dirname, \"/lib/ReactTags.js\"),","  ],","  // Server Configuration options","  devServer: {","    contentBase: \".\", // Relative directory for base of server","    hot: true, // Live-reload","    inline: true,","    port: 8090, // Port Number","    host: \"localhost\", // Change to '0.0.0.0' for external facing server","  },","  devtool: \"cheap-module-source-map\",","  output: {","    path: buildPath, // Path of output file","    filename: \"ReactTags.min.js\",","    libraryTarget: \"umd\",","    library: \"ReactTags\",","  },","  externals: {","    react: \"React\",","    \"react-dom\": \"ReactDOM\",","    \"react-dnd\": \"ReactDnD\",","  },","  plugins: [","    // Enables Hot Modules Replacement","    new webpack.HotModuleReplacementPlugin(),","    // Allows error warnings but does not stop compiling.","    new webpack.NoEmitOnErrorsPlugin(),","  ],","  module: {","    loaders: [","      {","        test: /\\.js$/, // All .js files","        loaders: [\"babel-loader\"],","        exclude: [nodeModulesPath],","      },","    ],","  },","};","","module.exports = config;",""],"l":{"1":2,"2":0,"3":0,"4":0,"6":0,"49":0}},"/home/travis/build/npmtest/node-npmtest-react-tag-input/node_modules/react-tag-input/webpack-production.config.js":{"path":"/home/travis/build/npmtest/node-npmtest-react-tag-input/node_modules/react-tag-input/webpack-production.config.js","s":{"1":2,"2":0,"3":0,"4":0,"5":0,"6":0},"b":{},"f":{},"fnMap":{},"statementMap":{"1":{"start":{"line":1,"column":0},"end":{"line":1,"column":35}},"2":{"start":{"line":2,"column":0},"end":{"line":2,"column":29}},"3":{"start":{"line":3,"column":0},"end":{"line":3,"column":50}},"4":{"start":{"line":4,"column":0},"end":{"line":4,"column":64}},"5":{"start":{"line":6,"column":0},"end":{"line":48,"column":2}},"6":{"start":{"line":50,"column":0},"end":{"line":50,"column":24}}},"branchMap":{},"code":["const webpack = require(\"webpack\");","const path = require(\"path\");","const buildPath = path.resolve(__dirname, \"dist\");","const nodeModulesPath = path.resolve(__dirname, \"node_modules\");","","const config = {","  entry: [path.join(__dirname, \"/lib/ReactTags.js\")],","  // Render source-map file for final build","  devtool: \"source-map\",","  // output config","  output: {","    path: buildPath, // Path of output file","    filename: \"ReactTags.min.js\", // Name of output file","    libraryTarget: \"umd\",","    library: \"ReactTags\",","  },","  externals: {","    react: \"React\",","    \"react-dom\": \"ReactDOM\",","    \"react-dnd\": \"ReactDnD\",","  },","  plugins: [","    // Define production build to allow React to strip out unnecessary checks","    new webpack.DefinePlugin({","      \"process.env\": {","        NODE_ENV: JSON.stringify(\"production\"),","      },","    }),","    // Minify the bundle","    new webpack.optimize.UglifyJsPlugin({","      compress: {","        // suppresses warnings, usually from module minification","        warnings: false,","      },","    }),","    // Allows error warnings but does not stop compiling.","    new webpack.NoEmitOnErrorsPlugin(),","  ],","  module: {","    loaders: [","      {","        test: /\\.js$/, // All .js files","        loaders: [\"babel-loader\"], // react-hot is like browser sync and babel loads jsx and es6-7","        exclude: [nodeModulesPath],","      },","    ],","  },","};","","module.exports = config;",""],"l":{"1":2,"2":0,"3":0,"4":0,"6":0,"50":0}}}